#
# A fatal error has been detected by the Java Runtime Environment:
#
#  SIGSEGV (0xb) at pc=0x00007ff8182e275d, pid=20800, tid=10243
#
# JRE version: Java(TM) SE Runtime Environment (8.0_74-b02) (build 1.8.0_74-b02)
# Java VM: Java HotSpot(TM) 64-Bit Server VM (25.74-b02 mixed mode bsd-amd64 compressed oops)
# Problematic frame:
# C  [libobjc.A.dylib+0x675d]  objc_msgSend+0x1d
#
# Failed to write core dump. Core dumps have been disabled. To enable core dumping, try "ulimit -c unlimited" before starting Java again
#
# If you would like to submit a bug report, please visit:
#   http://bugreport.java.com/bugreport/crash.jsp
# The crash happened outside the Java Virtual Machine in native code.
# See problematic frame for where to report the bug.
#

---------------  T H R E A D  ---------------

Current thread (0x00007f922c80d000):  JavaThread "Client thread" [_thread_in_native, id=10243, stack(0x000000030879f000,0x000000030889f000)]

siginfo: si_signo: 11 (SIGSEGV), si_code: 1 (SEGV_MAPERR), si_addr: 0x00001a06e744ceb8

Registers:
RAX=0x00007f922ba37038, RBX=0x0000000000000000, RCX=0x0000000000000000, RDX=0x0000000000002803
RSP=0x000000030889e2e8, RBP=0x000000030889e330, RSI=0x00007ff837d8ba9b, RDI=0x0000600003a5cea0
R8 =0x0000000000000000, R9 =0x0000000000000005, R10=0x00001a06e744cea0, R11=0x00007ff837d8ba9b
R12=0x0000000000000000, R13=0x00007f922ba36e4c, R14=0x00007f922ba36e10, R15=0x0000600003446ac0
RIP=0x00007ff8182e275d, EFLAGS=0x0000000000000247, ERR=0x0000000000000004
  TRAPNO=0x000000000000000e

Top of Stack: (sp=0x000000030889e2e8)
0x000000030889e2e8:   0000000129754d27 0000000000000000
0x000000030889e2f8:   00000000f7325f07 000000030889e330
0x000000030889e308:   000000000000aa68 0000000000000000
0x000000030889e318:   00000000f7325f07 00007f9220a18000
0x000000030889e328:   00007f9220a18000 000000030889e360
0x000000030889e338:   000000012975f73d 000000030889e460
0x000000030889e348:   0000000000000000 0000000000000101
0x000000030889e358:   00007f9220a18000 000000030889e450
0x000000030889e368:   0000000129768d7a 00007f9220a0c400
0x000000030889e378:   00007f922c9cfe00 000000030889e3b0
0x000000030889e388:   000000012976c310 0000600001b20380
0x000000030889e398:   00007f9220a18000 0000000040000000
0x000000030889e3a8:   0000000000000000 000000030889e420
0x000000030889e3b8:   000000012976f38f 000000030889e810
0x000000030889e3c8:   000000010d921d4c 000000030889e460
0x000000030889e3d8:   0000000786dd20f8 0000600001b20380
0x000000030889e3e8:   0000000130374490 000000000889e838
0x000000030889e3f8:   00007f9220a08000 0000000000000000
0x000000030889e408:   00000000f7325f07 0000000000000000
0x000000030889e418:   0000000000000000 2fe2ee823e0200de
0x000000030889e428:   00007f9220a08000 0000000000000000
0x000000030889e438:   00000000f7325f07 0000000000004100
0x000000030889e448:   00007f922c80d000 000000030889e490
0x000000030889e458:   00007ffa2fdbce39 3f4f798e3f3371c3
0x000000030889e468:   000000003f7ffffc 000000073f800000
0x000000030889e478:   0000000700000000 00007ffa2fd93eb8
0x000000030889e488:   000000030889e4d0 000000030889e4e0
0x000000030889e498:   000000010db32cb6 3fe3d72380000000
0x000000030889e4a8:   411266f8c2ec7716 c06d58126937c8d6
0x000000030889e4b8:   3f5eab4c3f1eb91c beef1836be22c486
0x000000030889e4c8:   3f7cbdca3e0f7c7d 0000000786d367e0
0x000000030889e4d8:   000000010bc69803 000000030889e810 

Instructions: (pc=0x00007ff8182e275d)
0x00007ff8182e273d:   44 00 00 48 85 ff 2e 74 72 40 f6 c7 01 2e 75 76
0x00007ff8182e274d:   49 ba f8 ff ff ff ff 7f 00 00 4c 23 17 49 89 f3
0x00007ff8182e275d:   45 23 5a 18 49 c1 e3 04 4d 03 5a 10 49 3b 33 75
0x00007ff8182e276d:   0a 4d 8b 5b 08 4d 31 d3 41 ff e3 49 83 3b 01 76 

Register to memory mapping:

RAX=0x00007f922ba37038 is an unknown value
RBX=0x0000000000000000 is an unknown value
RCX=0x0000000000000000 is an unknown value
RDX=0x0000000000002803 is an unknown value
RSP=0x000000030889e2e8 is pointing into the stack for thread: 0x00007f922c80d000
RBP=0x000000030889e330 is pointing into the stack for thread: 0x00007f922c80d000
RSI=0x00007ff837d8ba9b is an unknown value
RDI=0x0000600003a5cea0 is an unknown value
R8 =0x0000000000000000 is an unknown value
R9 =0x0000000000000005 is an unknown value
R10=0x00001a06e744cea0 is an unknown value
R11=0x00007ff837d8ba9b is an unknown value
R12=0x0000000000000000 is an unknown value
R13=0x00007f922ba36e4c is an unknown value
R14=0x00007f922ba36e10 is an unknown value
R15=0x0000600003446ac0 is an unknown value


Stack: [0x000000030879f000,0x000000030889f000],  sp=0x000000030889e2e8,  free space=1020k
Native frames: (J=compiled Java code, j=interpreted, Vv=VM code, C=native code)
C  [libobjc.A.dylib+0x675d]  objc_msgSend+0x1d
C  [AppleMetalOpenGLRenderer+0x2c73d]  GLDContextRec::addRenderPassResources()+0x23
C  [AppleMetalOpenGLRenderer+0x35d7a]  gldClearFramebufferData+0xfa
C  [GLEngine+0x1ee39]  glClear_Exec+0x216
J 4954  org.lwjgl.opengl.GL11.nglClear(IJ)V (0 bytes) @ 0x000000010db32cb6 [0x000000010db32c00+0xb6]
J 5225 C1 bib.az()V (920 bytes) @ 0x000000010e258a9c [0x000000010e2569a0+0x20fc]
j  bib.a()V+74
j  net.minecraft.client.main.Main.main([Ljava/lang/String;)V+1094
v  ~StubRoutines::call_stub
V  [libjvm.dylib+0x2ea39e]  JavaCalls::call_helper(JavaValue*, methodHandle*, JavaCallArguments*, Thread*)+0x6ae
V  [libjvm.dylib+0x321110]  jni_invoke_static(JNIEnv_*, JavaValue*, _jobject*, JNICallType, _jmethodID*, JNI_ArgumentPusher*, Thread*)+0x1bf
V  [libjvm.dylib+0x319e8a]  jni_CallStaticVoidMethod+0x15d
C  [java+0x393e]  JavaMain+0x9b1
C  [libsystem_pthread.dylib+0x61d3]  _pthread_start+0x7d
C  [libsystem_pthread.dylib+0x1bd3]  thread_start+0xf
C  0x0000000000000000

Java frames: (J=compiled Java code, j=interpreted, Vv=VM code)
J 4954  org.lwjgl.opengl.GL11.nglClear(IJ)V (0 bytes) @ 0x000000010db32c44 [0x000000010db32c00+0x44]
J 5225 C1 bib.az()V (920 bytes) @ 0x000000010e258a9c [0x000000010e2569a0+0x20fc]
j  bib.a()V+74
j  net.minecraft.client.main.Main.main([Ljava/lang/String;)V+1094
v  ~StubRoutines::call_stub

---------------  P R O C E S S  ---------------

Java Threads: ( => current thread )
  0x00007f922cfdc000 JavaThread "AWT-Shutdown" [_thread_blocked, id=87603, stack(0x0000000309fe7000,0x000000030a0e7000)]
  0x00007f91f9dff000 JavaThread "Java2D Queue Flusher" daemon [_thread_blocked, id=167747, stack(0x000000030c0a5000,0x000000030c1a5000)]
  0x00007f91fc35f800 JavaThread "pool-3-thread-1" [_thread_blocked, id=169779, stack(0x000000030be9f000,0x000000030bf9f000)]
  0x00007f91fa0e9000 JavaThread "Chunk Batcher 5" daemon [_thread_blocked, id=134147, stack(0x000000030bd9c000,0x000000030be9c000)]
  0x00007f91f9b59800 JavaThread "Chunk Batcher 4" daemon [_thread_blocked, id=170755, stack(0x000000030bc99000,0x000000030bd99000)]
  0x00007f922ce12800 JavaThread "Chunk Batcher 3" daemon [_thread_blocked, id=133379, stack(0x000000030bb96000,0x000000030bc96000)]
  0x00007f91f9b59000 JavaThread "Chunk Batcher 2" daemon [_thread_blocked, id=171267, stack(0x000000030ba93000,0x000000030bb93000)]
  0x00007f922d70d000 JavaThread "Chunk Batcher 1" daemon [_thread_blocked, id=58039, stack(0x000000030b990000,0x000000030ba90000)]
  0x00007f922d5e3000 JavaThread "Chunk Batcher 0" daemon [_thread_blocked, id=132963, stack(0x000000030b584000,0x000000030b684000)]
  0x00007f91fc370800 JavaThread "Netty Client IO #3" daemon [_thread_in_native, id=132627, stack(0x000000030b88d000,0x000000030b98d000)]
  0x00007f91ef3b2800 JavaThread "Netty Client IO #2" daemon [_thread_in_native, id=9759, stack(0x000000030b78a000,0x000000030b88a000)]
  0x00007f922d7f3800 JavaThread "Netty Client IO #1" daemon [_thread_in_native, id=172291, stack(0x000000030b687000,0x000000030b787000)]
  0x00007f922d4fa800 JavaThread "threadDeathWatcher-2-1" daemon [_thread_blocked, id=173071, stack(0x000000030b481000,0x000000030b581000)]
  0x00007f922ce1a000 JavaThread "Netty Client IO #0" daemon [_thread_in_native, id=54819, stack(0x000000030b072000,0x000000030b172000)]
  0x00007f91f9bb6800 JavaThread "Server Pinger #0" daemon [_thread_blocked, id=74007, stack(0x000000030ae41000,0x000000030af41000)]
  0x00007f921b285800 JavaThread "Thread-4" [_thread_blocked, id=127263, stack(0x000000030b278000,0x000000030b378000)]
  0x00007f922b744000 JavaThread "Thread-3" [_thread_blocked, id=90295, stack(0x000000030b175000,0x000000030b275000)]
  0x00007f91ed20a800 JavaThread "Java2D Disposer" daemon [_thread_blocked, id=130675, stack(0x000000030af6f000,0x000000030b06f000)]
  0x00007f91ed1bd000 JavaThread "Timer hack thread" daemon [_thread_blocked, id=45015, stack(0x000000030a997000,0x000000030aa97000)]
  0x00007f922cd1d800 JavaThread "Snooper Timer" daemon [_thread_blocked, id=67363, stack(0x000000030ad3e000,0x000000030ae3e000)]
  0x00007f922c1de800 JavaThread "AppKit Thread" daemon [_thread_in_native, id=259, stack(0x0000000307f1b000,0x000000030871b000)]
  0x00007f922c869800 JavaThread "Service Thread" daemon [_thread_blocked, id=28163, stack(0x000000030a709000,0x000000030a809000)]
  0x00007f922c01e800 JavaThread "C1 CompilerThread3" daemon [_thread_blocked, id=26371, stack(0x000000030a606000,0x000000030a706000)]
  0x00007f922d055800 JavaThread "C2 CompilerThread2" daemon [_thread_blocked, id=28675, stack(0x000000030a503000,0x000000030a603000)]
  0x00007f922c00b800 JavaThread "C2 CompilerThread1" daemon [_thread_blocked, id=25603, stack(0x000000030a400000,0x000000030a500000)]
  0x00007f922d044800 JavaThread "C2 CompilerThread0" daemon [_thread_blocked, id=24835, stack(0x000000030a2fd000,0x000000030a3fd000)]
  0x00007f922d044000 JavaThread "Signal Dispatcher" daemon [_thread_blocked, id=28931, stack(0x000000030a1fa000,0x000000030a2fa000)]
  0x00007f922c868800 JavaThread "Surrogate Locker Thread (Concurrent GC)" daemon [_thread_blocked, id=24103, stack(0x000000030a0f7000,0x000000030a1f7000)]
  0x00007f922d02c000 JavaThread "Finalizer" daemon [_thread_blocked, id=22539, stack(0x0000000309ee4000,0x0000000309fe4000)]
  0x00007f922c842800 JavaThread "Reference Handler" daemon [_thread_blocked, id=22311, stack(0x0000000309de1000,0x0000000309ee1000)]
=>0x00007f922c80d000 JavaThread "Client thread" [_thread_in_native, id=10243, stack(0x000000030879f000,0x000000030889f000)]

Other Threads:
  0x00007f922c83e000 VMThread [stack: 0x0000000309cde000,0x0000000309dde000] [id=32259]
  0x00007f922c847800 WatcherThread [stack: 0x000000030a80c000,0x000000030a90c000] [id=27923]

VM state:not at safepoint (normal execution)

VM Mutex/Monitor currently owned by a thread: None

Heap:
 garbage-first heap   total 1048576K, used 347997K [0x0000000780000000, 0x0000000782000100, 0x00000007c0000000)
  region size 32768K, 5 young (163840K), 1 survivors (32768K)
 Metaspace       used 43975K, capacity 44479K, committed 44800K, reserved 1089536K
  class space    used 5389K, capacity 5528K, committed 5632K, reserved 1048576K

Heap Regions: (Y=young(eden), SU=young(survivor), HS=humongous(starts), HC=humongous(continues), CS=collection set, F=free, TS=gc time stamp, PTAMS=previous top-at-mark-start, NTAMS=next top-at-mark-start)
AC   0  O    TS     0 PTAMS 0x0000000782000000 NTAMS 0x0000000782000000 space 32768K, 100% used [0x0000000780000000, 0x0000000782000000)
AC   0  O    TS     0 PTAMS 0x0000000784000000 NTAMS 0x0000000784000000 space 32768K, 100% used [0x0000000782000000, 0x0000000784000000)
AC   0 HS    TS     0 PTAMS 0x0000000784000000 NTAMS 0x0000000784000000 space 32768K,  50% used [0x0000000784000000, 0x0000000786000000)
AC   0  O    TS     0 PTAMS 0x0000000788000000 NTAMS 0x0000000788000000 space 32768K, 100% used [0x0000000786000000, 0x0000000788000000)
AC   0  F    TS     0 PTAMS 0x0000000788000000 NTAMS 0x0000000788000000 space 32768K,   0% used [0x0000000788000000, 0x000000078a000000)
AC   0  O    TS     5 PTAMS 0x000000078a000000 NTAMS 0x000000078a000000 space 32768K, 100% used [0x000000078a000000, 0x000000078c000000)
AC   0  O    TS     7 PTAMS 0x000000078c000000 NTAMS 0x000000078c000000 space 32768K,  63% used [0x000000078c000000, 0x000000078e000000)
AC   0  F    TS     0 PTAMS 0x000000078e000000 NTAMS 0x000000078e000000 space 32768K,   0% used [0x000000078e000000, 0x0000000790000000)
AC   0  F    TS     0 PTAMS 0x0000000790000000 NTAMS 0x0000000790000000 space 32768K,   0% used [0x0000000790000000, 0x0000000792000000)
AC   0  O    TS     5 PTAMS 0x0000000792000000 NTAMS 0x0000000792000000 space 32768K, 100% used [0x0000000792000000, 0x0000000794000000)
AC   0  F    TS     0 PTAMS 0x0000000794000000 NTAMS 0x0000000794000000 space 32768K,   0% used [0x0000000794000000, 0x0000000796000000)
AC   0  F    TS     0 PTAMS 0x0000000796000000 NTAMS 0x0000000796000000 space 32768K,   0% used [0x0000000796000000, 0x0000000798000000)
AC   0  F    TS     0 PTAMS 0x0000000798000000 NTAMS 0x0000000798000000 space 32768K,   0% used [0x0000000798000000, 0x000000079a000000)
AC   0  F    TS     0 PTAMS 0x000000079a000000 NTAMS 0x000000079a000000 space 32768K,   0% used [0x000000079a000000, 0x000000079c000000)
AC   0  F    TS     0 PTAMS 0x000000079c000000 NTAMS 0x000000079c000000 space 32768K,   0% used [0x000000079c000000, 0x000000079e000000)
AC   0  O    TS     1 PTAMS 0x000000079f3c7600 NTAMS 0x000000079f3c7600 space 32768K, 100% used [0x000000079e000000, 0x00000007a0000000)
AC   0  F    TS     0 PTAMS 0x00000007a0000000 NTAMS 0x00000007a0000000 space 32768K,   0% used [0x00000007a0000000, 0x00000007a2000000)
AC   0  F    TS     0 PTAMS 0x00000007a2000000 NTAMS 0x00000007a2000000 space 32768K,   0% used [0x00000007a2000000, 0x00000007a4000000)
AC   0  F    TS     0 PTAMS 0x00000007a4000000 NTAMS 0x00000007a4000000 space 32768K,   0% used [0x00000007a4000000, 0x00000007a6000000)
AC   0  F    TS     0 PTAMS 0x00000007a6000000 NTAMS 0x00000007a6000000 space 32768K,   0% used [0x00000007a6000000, 0x00000007a8000000)
AC   0  F    TS     0 PTAMS 0x00000007a8000000 NTAMS 0x00000007a8000000 space 32768K,   0% used [0x00000007a8000000, 0x00000007aa000000)
AC   0  F    TS     0 PTAMS 0x00000007aa000000 NTAMS 0x00000007aa000000 space 32768K,   0% used [0x00000007aa000000, 0x00000007ac000000)
AC   0  F    TS     0 PTAMS 0x00000007ac000000 NTAMS 0x00000007ac000000 space 32768K,   0% used [0x00000007ac000000, 0x00000007ae000000)
AC   0  F    TS     0 PTAMS 0x00000007ae000000 NTAMS 0x00000007ae000000 space 32768K,   0% used [0x00000007ae000000, 0x00000007b0000000)
AC   0  F    TS     0 PTAMS 0x00000007b0000000 NTAMS 0x00000007b0000000 space 32768K,   0% used [0x00000007b0000000, 0x00000007b2000000)
AC   0  F    TS     5 PTAMS 0x00000007b2000000 NTAMS 0x00000007b2000000 space 32768K,   0% used [0x00000007b2000000, 0x00000007b4000000)
AC   0  S CS TS     7 PTAMS 0x00000007b4000000 NTAMS 0x00000007b4000000 space 32768K,  48% used [0x00000007b4000000, 0x00000007b6000000)
AC   0  F    TS     0 PTAMS 0x00000007b6000000 NTAMS 0x00000007b6000000 space 32768K,   0% used [0x00000007b6000000, 0x00000007b8000000)
AC   0  E    TS     0 PTAMS 0x00000007b8000000 NTAMS 0x00000007b8000000 space 32768K,  81% used [0x00000007b8000000, 0x00000007ba000000)
AC   0  E CS TS     0 PTAMS 0x00000007ba000000 NTAMS 0x00000007ba000000 space 32768K, 100% used [0x00000007ba000000, 0x00000007bc000000)
AC   0  E CS TS     0 PTAMS 0x00000007bc000000 NTAMS 0x00000007bc000000 space 32768K, 100% used [0x00000007bc000000, 0x00000007be000000)
AC   0  E CS TS     0 PTAMS 0x00000007be000000 NTAMS 0x00000007be000000 space 32768K, 100% used [0x00000007be000000, 0x00000007c0000000)

Card table byte_map: [0x000000010b1bd000,0x000000010b3bd000] byte_map_base: 0x00000001075bd000

Marking Bits (Prev, Next): (CMBitMap*) 0x00007f922d023e88, (CMBitMap*) 0x00007f922d023ee0
 Prev Bits: [0x000000011c64a000, 0x000000011d64a000)
 Next Bits: [0x000000011d64a000, 0x000000011e64a000)

Polling page: 0x000000010a896000

CodeCache: size=245760Kb used=24339Kb max_used=25573Kb free=221420Kb
 bounds [0x000000010d64a000, 0x000000010ef9a000, 0x000000011c64a000]
 total_blobs=7117 nmethods=6224 adapters=804
 compilation: enabled

Compilation events (10 events):
Event: 140.836 Thread 0x00007f922c01e800 8290       3       axx::a (112 bytes)
Event: 140.837 Thread 0x00007f922c01e800 nmethod 8290 0x000000010e2a2dd0 code [0x000000010e2a2fe0, 0x000000010e2a3968]
Event: 140.837 Thread 0x00007f922c01e800 8291       3       axp::a (13 bytes)
Event: 140.837 Thread 0x00007f922c01e800 nmethod 8291 0x000000010e8cfa50 code [0x000000010e8cfbe0, 0x000000010e8cff38]
Event: 140.838 Thread 0x00007f922d044800 8292       4       io.netty.util.internal.shaded.org.jctools.queues.MpscArrayQueue::poll (75 bytes)
Event: 140.839 Thread 0x00007f922d044800 nmethod 8292 0x000000010e8ecf50 code [0x000000010e8ed0a0, 0x000000010e8ed1f8]
Event: 140.954 Thread 0x00007f922c01e800 8293       1       fj::c (5 bytes)
Event: 140.954 Thread 0x00007f922c01e800 nmethod 8293 0x000000010eaa5090 code [0x000000010eaa51e0, 0x000000010eaa52f0]
Event: 140.958 Thread 0x00007f922c01e800 8294       3       btm::a (56 bytes)
Event: 140.958 Thread 0x00007f922c01e800 nmethod 8294 0x000000010e966010 code [0x000000010e9661c0, 0x000000010e9664a8]

GC Heap History (10 events):
Event: 11.404 GC heap before
{Heap before GC invocations=8 (full 0):
 garbage-first heap   total 1048576K, used 340368K [0x0000000780000000, 0x0000000782000100, 0x00000007c0000000)
  region size 32768K, 3 young (98304K), 1 survivors (32768K)
 Metaspace       used 34080K, capacity 34437K, committed 34688K, reserved 1079296K
  class space    used 4290K, capacity 4383K, committed 4480K, reserved 1048576K
Event: 11.439 GC heap after
Heap after GC invocations=9 (full 0):
 garbage-first heap   total 1048576K, used 216861K [0x0000000780000000, 0x0000000782000100, 0x00000007c0000000)
  region size 32768K, 1 young (32768K), 1 survivors (32768K)
 Metaspace       used 34080K, capacity 34437K, committed 34688K, reserved 1079296K
  class space    used 4290K, capacity 4383K, committed 4480K, reserved 1048576K
}
Event: 15.368 GC heap before
{Heap before GC invocations=10 (full 0):
 garbage-first heap   total 1048576K, used 462621K [0x0000000780000000, 0x0000000782000100, 0x00000007c0000000)
  region size 32768K, 6 young (196608K), 1 survivors (32768K)
 Metaspace       used 39597K, capacity 40077K, committed 40320K, reserved 1085440K
  class space    used 5010K, capacity 5153K, committed 5248K, reserved 1048576K
Event: 15.382 GC heap after
Heap after GC invocations=11 (full 0):
 garbage-first heap   total 1048576K, used 237459K [0x0000000780000000, 0x0000000782000100, 0x00000007c0000000)
  region size 32768K, 1 young (32768K), 1 survivors (32768K)
 Metaspace       used 39597K, capacity 40077K, committed 40320K, reserved 1085440K
  class space    used 5010K, capacity 5153K, committed 5248K, reserved 1048576K
}
Event: 133.179 GC heap before
{Heap before GC invocations=11 (full 0):
 garbage-first heap   total 1048576K, used 630675K [0x0000000780000000, 0x0000000782000100, 0x00000007c0000000)
  region size 32768K, 6 young (196608K), 1 survivors (32768K)
 Metaspace       used 43337K, capacity 43873K, committed 44288K, reserved 1087488K
  class space    used 5379K, capacity 5523K, committed 5632K, reserved 1048576K
Event: 133.194 GC heap after
Heap after GC invocations=12 (full 0):
 garbage-first heap   total 1048576K, used 245673K [0x0000000780000000, 0x0000000782000100, 0x00000007c0000000)
  region size 32768K, 1 young (32768K), 1 survivors (32768K)
 Metaspace       used 43337K, capacity 43873K, committed 44288K, reserved 1087488K
  class space    used 5379K, capacity 5523K, committed 5632K, reserved 1048576K
}
Event: 134.301 GC heap before
{Heap before GC invocations=12 (full 0):
 garbage-first heap   total 1048576K, used 409513K [0x0000000780000000, 0x0000000782000100, 0x00000007c0000000)
  region size 32768K, 6 young (196608K), 1 survivors (32768K)
 Metaspace       used 43543K, capacity 44077K, committed 44288K, reserved 1087488K
  class space    used 5381K, capacity 5525K, committed 5632K, reserved 1048576K
Event: 134.328 GC heap after
Heap after GC invocations=13 (full 0):
 garbage-first heap   total 1048576K, used 266689K [0x0000000780000000, 0x0000000782000100, 0x00000007c0000000)
  region size 32768K, 1 young (32768K), 1 survivors (32768K)
 Metaspace       used 43543K, capacity 44077K, committed 44288K, reserved 1087488K
  class space    used 5381K, capacity 5525K, committed 5632K, reserved 1048576K
}
Event: 136.604 GC heap before
{Heap before GC invocations=13 (full 0):
 garbage-first heap   total 1048576K, used 463297K [0x0000000780000000, 0x0000000782000100, 0x00000007c0000000)
  region size 32768K, 6 young (196608K), 1 survivors (32768K)
 Metaspace       used 43710K, capacity 44269K, committed 44544K, reserved 1087488K
  class space    used 5383K, capacity 5525K, committed 5632K, reserved 1048576K
Event: 136.610 GC heap after
Heap after GC invocations=14 (full 0):
 garbage-first heap   total 1048576K, used 249693K [0x0000000780000000, 0x0000000782000100, 0x00000007c0000000)
  region size 32768K, 1 young (32768K), 1 survivors (32768K)
 Metaspace       used 43710K, capacity 44269K, committed 44544K, reserved 1087488K
  class space    used 5383K, capacity 5525K, committed 5632K, reserved 1048576K
}

Deoptimization events (10 events):
Event: 139.438 Thread 0x00007f922c80d000 Uncommon trap: reason=unstable_if action=reinterpret pc=0x000000010e1cf218 method=buy.a(Let;Lbxr;Lfa;)Lbxr; @ 48
Event: 139.471 Thread 0x00007f922c80d000 Uncommon trap: reason=unstable_if action=reinterpret pc=0x000000010ec48fe0 method=buy.a(Let;Lbxr;Lfa;)Lbxr; @ 48
Event: 139.472 Thread 0x00007f922c80d000 Uncommon trap: reason=unstable_if action=reinterpret pc=0x000000010daf068c method=axw.c(II)Z @ 10
Event: 139.493 Thread 0x00007f922c80d000 Uncommon trap: reason=unstable_if action=reinterpret pc=0x000000010dc0e2b8 method=adt.by()F @ 8
Event: 139.537 Thread 0x00007f91fc370800 Uncommon trap: reason=unstable_if action=reinterpret pc=0x000000010e6384d8 method=io.netty.buffer.PoolThreadCache.allocate(Lio/netty/buffer/PoolThreadCache$MemoryRegionCache;Lio/netty/buffer/PooledByteBuf;I)Z @ 29
Event: 140.657 Thread 0x00007f922c80d000 Uncommon trap: reason=speculate_class_check action=maybe_recompile pc=0x000000010d89ea94 method=et.b(I)Let; @ 5
Event: 140.658 Thread 0x00007f922c80d000 Uncommon trap: reason=speculate_class_check action=maybe_recompile pc=0x000000010d89ea94 method=et.b(I)Let; @ 5
Event: 140.665 Thread 0x00007f922c80d000 Uncommon trap: reason=speculate_class_check action=maybe_recompile pc=0x000000010d89ea94 method=et.b(I)Let; @ 5
Event: 140.666 Thread 0x00007f922c80d000 Uncommon trap: reason=speculate_class_check action=maybe_recompile pc=0x000000010d89ea94 method=et.b(I)Let; @ 5
Event: 140.957 Thread 0x00007f922c80d000 Uncommon trap: reason=unstable_if action=reinterpret pc=0x000000010eaaf4a0 method=amu.a(Lana;Let;)I @ 148

Internal exceptions (10 events):
Event: 140.880 Thread 0x00007f922b744000 Exception <a 'java/lang/InterruptedException': sleep interrupted> (0x00000007b99fdf30) thrown at [/Users/java_re/workspace/8-2-build-macosx-x86_64/jdk8u74/6087/hotspot/src/share/vm/prims/jvm.cpp, line 3215]
Event: 140.885 Thread 0x00007f922b744000 Exception <a 'java/lang/InterruptedException': sleep interrupted> (0x00000007b99fe1d8) thrown at [/Users/java_re/workspace/8-2-build-macosx-x86_64/jdk8u74/6087/hotspot/src/share/vm/prims/jvm.cpp, line 3215]
Event: 140.900 Thread 0x00007f922b744000 Exception <a 'java/lang/InterruptedException': sleep interrupted> (0x00000007b99fe480) thrown at [/Users/java_re/workspace/8-2-build-macosx-x86_64/jdk8u74/6087/hotspot/src/share/vm/prims/jvm.cpp, line 3215]
Event: 140.905 Thread 0x00007f922b744000 Exception <a 'java/lang/InterruptedException': sleep interrupted> (0x00000007b99fe728) thrown at [/Users/java_re/workspace/8-2-build-macosx-x86_64/jdk8u74/6087/hotspot/src/share/vm/prims/jvm.cpp, line 3215]
Event: 140.914 Thread 0x00007f922b744000 Exception <a 'java/lang/InterruptedException': sleep interrupted> (0x00000007b99fe9d0) thrown at [/Users/java_re/workspace/8-2-build-macosx-x86_64/jdk8u74/6087/hotspot/src/share/vm/prims/jvm.cpp, line 3215]
Event: 140.920 Thread 0x00007f922b744000 Exception <a 'java/lang/InterruptedException': sleep interrupted> (0x00000007b99fec78) thrown at [/Users/java_re/workspace/8-2-build-macosx-x86_64/jdk8u74/6087/hotspot/src/share/vm/prims/jvm.cpp, line 3215]
Event: 140.937 Thread 0x00007f922b744000 Exception <a 'java/lang/InterruptedException': sleep interrupted> (0x00000007b99fef20) thrown at [/Users/java_re/workspace/8-2-build-macosx-x86_64/jdk8u74/6087/hotspot/src/share/vm/prims/jvm.cpp, line 3215]
Event: 140.954 Thread 0x00007f922b744000 Exception <a 'java/lang/InterruptedException': sleep interrupted> (0x00000007b99ff1c8) thrown at [/Users/java_re/workspace/8-2-build-macosx-x86_64/jdk8u74/6087/hotspot/src/share/vm/prims/jvm.cpp, line 3215]
Event: 140.961 Thread 0x00007f922b744000 Exception <a 'java/lang/InterruptedException': sleep interrupted> (0x00000007b99ff470) thrown at [/Users/java_re/workspace/8-2-build-macosx-x86_64/jdk8u74/6087/hotspot/src/share/vm/prims/jvm.cpp, line 3215]
Event: 140.971 Thread 0x00007f922b744000 Exception <a 'java/lang/InterruptedException': sleep interrupted> (0x00000007b99ff718) thrown at [/Users/java_re/workspace/8-2-build-macosx-x86_64/jdk8u74/6087/hotspot/src/share/vm/prims/jvm.cpp, line 3215]

Events (10 events):
Event: 140.717 Thread 0x00007f922c01e800 flushing nmethod 0x000000010e9b47d0
Event: 140.722 Thread 0x00007f922c01e800 flushing nmethod 0x000000010eaa5090
Event: 140.725 Thread 0x00007f922c01e800 flushing nmethod 0x000000010eb82d50
Event: 140.725 Thread 0x00007f922c01e800 flushing nmethod 0x000000010ebd6cd0
Event: 140.725 Thread 0x00007f922c01e800 flushing nmethod 0x000000010ebe7c50
Event: 140.726 Thread 0x00007f922c01e800 flushing nmethod 0x000000010ec144d0
Event: 140.726 Thread 0x00007f922c01e800 flushing nmethod 0x000000010ec567d0
Event: 140.957 Thread 0x00007f922c80d000 Uncommon trap: trap_request=0xffffff65 fr.pc=0x000000010eaaf4a0
Event: 140.957 Thread 0x00007f922c80d000 DEOPT PACKING pc=0x000000010eaaf4a0 sp=0x000000030889d540
Event: 140.957 Thread 0x00007f922c80d000 DEOPT UNPACKING pc=0x000000010d64f229 sp=0x000000030889d500 mode 2


Dynamic libraries:
0x0000000018280000 	/System/Library/Frameworks/Cocoa.framework/Versions/A/Cocoa
0x0000000018280000 	/System/Library/Frameworks/AppKit.framework/Versions/C/AppKit
0x0000000018280000 	/System/Library/Frameworks/CoreData.framework/Versions/A/CoreData
0x0000000018280000 	/System/Library/Frameworks/Foundation.framework/Versions/C/Foundation
0x0000000018280000 	/usr/lib/libSystem.B.dylib
0x0000000018280000 	/System/Library/PrivateFrameworks/UIFoundation.framework/Versions/A/UIFoundation
0x0000000018280000 	/System/Library/PrivateFrameworks/CollectionViewCore.framework/Versions/A/CollectionViewCore
0x0000000018280000 	/System/Library/PrivateFrameworks/RemoteViewServices.framework/Versions/A/RemoteViewServices
0x0000000018280000 	/System/Library/PrivateFrameworks/XCTTargetBootstrap.framework/Versions/A/XCTTargetBootstrap
0x0000000018280000 	/System/Library/PrivateFrameworks/InternationalSupport.framework/Versions/A/InternationalSupport
0x0000000018280000 	/System/Library/PrivateFrameworks/UserActivity.framework/Versions/A/UserActivity
0x0000000018280000 	/System/Library/PrivateFrameworks/WindowManagement.framework/Versions/A/WindowManagement
0x0000000018280000 	/System/Library/Frameworks/SystemConfiguration.framework/Versions/A/SystemConfiguration
0x0000000018280000 	/usr/lib/libspindump.dylib
0x0000000018280000 	/System/Library/Frameworks/UniformTypeIdentifiers.framework/Versions/A/UniformTypeIdentifiers
0x0000000018280000 	/usr/lib/libapp_launch_measurement.dylib
0x0000000018280000 	/System/Library/PrivateFrameworks/CoreAnalytics.framework/Versions/A/CoreAnalytics
0x0000000018280000 	/System/Library/PrivateFrameworks/CoreAutoLayout.framework/Versions/A/CoreAutoLayout
0x0000000018280000 	/System/Library/Frameworks/Metal.framework/Versions/A/Metal
0x0000000018280000 	/usr/lib/liblangid.dylib
0x0000000018280000 	/System/Library/PrivateFrameworks/CoreSVG.framework/Versions/A/CoreSVG
0x0000000018280000 	/System/Library/PrivateFrameworks/SkyLight.framework/Versions/A/SkyLight
0x0000000018280000 	/System/Library/Frameworks/CoreGraphics.framework/Versions/A/CoreGraphics
0x0000000018280000 	/System/Library/Frameworks/Accelerate.framework/Versions/A/Accelerate
0x0000000018280000 	/System/Library/PrivateFrameworks/IconServices.framework/Versions/A/IconServices
0x0000000018280000 	/System/Library/Frameworks/IOSurface.framework/Versions/A/IOSurface
0x0000000018280000 	/usr/lib/libDiagnosticMessagesClient.dylib
0x0000000018280000 	/usr/lib/libz.1.dylib
0x0000000018280000 	/System/Library/Frameworks/ApplicationServices.framework/Versions/A/ApplicationServices
0x0000000018280000 	/System/Library/PrivateFrameworks/DFRFoundation.framework/Versions/A/DFRFoundation
0x0000000018280000 	/usr/lib/libicucore.A.dylib
0x0000000018280000 	/System/Library/Frameworks/AudioToolbox.framework/Versions/A/AudioToolbox
0x0000000018280000 	/System/Library/PrivateFrameworks/DataDetectorsCore.framework/Versions/A/DataDetectorsCore
0x0000000018280000 	/System/Library/PrivateFrameworks/TextInput.framework/Versions/A/TextInput
0x0000000018280000 	/usr/lib/libMobileGestalt.dylib
0x0000000018280000 	/System/Library/Frameworks/Carbon.framework/Versions/A/Frameworks/HIToolbox.framework/Versions/A/HIToolbox
0x0000000018280000 	/System/Library/Frameworks/QuartzCore.framework/Versions/A/QuartzCore
0x0000000018280000 	/System/Library/Frameworks/Security.framework/Versions/A/Security
0x0000000018280000 	/System/Library/Frameworks/Carbon.framework/Versions/A/Frameworks/SpeechRecognition.framework/Versions/A/SpeechRecognition
0x0000000018280000 	/System/Library/PrivateFrameworks/CoreUI.framework/Versions/A/CoreUI
0x0000000018280000 	/System/Library/Frameworks/CoreAudio.framework/Versions/A/CoreAudio
0x0000000018280000 	/System/Library/Frameworks/DiskArbitration.framework/Versions/A/DiskArbitration
0x0000000018280000 	/System/Library/PrivateFrameworks/MultitouchSupport.framework/Versions/A/MultitouchSupport
0x0000000018280000 	/usr/lib/libenergytrace.dylib
0x0000000018280000 	/System/Library/Frameworks/IOKit.framework/Versions/A/IOKit
0x0000000018280000 	/System/Library/Frameworks/CoreServices.framework/Versions/A/CoreServices
0x0000000018280000 	/System/Library/PrivateFrameworks/PerformanceAnalysis.framework/Versions/A/PerformanceAnalysis
0x0000000018280000 	/System/Library/Frameworks/OpenGL.framework/Versions/A/OpenGL
0x0000000018280000 	/usr/lib/libxml2.2.dylib
0x0000000018280000 	/System/Library/PrivateFrameworks/MobileKeyBag.framework/Versions/A/MobileKeyBag
0x0000000018280000 	/usr/lib/libobjc.A.dylib
0x0000000018280000 	/usr/lib/libc++.1.dylib
0x0000000018280000 	/System/Library/Frameworks/ColorSync.framework/Versions/A/ColorSync
0x0000000018280000 	/System/Library/Frameworks/CoreFoundation.framework/Versions/A/CoreFoundation
0x0000000018280000 	/System/Library/Frameworks/CoreImage.framework/Versions/A/CoreImage
0x0000000018280000 	/System/Library/Frameworks/CoreText.framework/Versions/A/CoreText
0x0000000018280000 	/System/Library/Frameworks/ImageIO.framework/Versions/A/ImageIO
0x0000000018280000 	/System/Library/PrivateFrameworks/SoftLinking.framework/Versions/A/SoftLinking
0x0000000018280000 	/usr/lib/libcompression.dylib
0x0000000018280000 	/System/Library/PrivateFrameworks/TextureIO.framework/Versions/A/TextureIO
0x0000000018280000 	/usr/lib/libate.dylib
0x0000000018280000 	/usr/lib/system/libcache.dylib
0x0000000018280000 	/usr/lib/system/libcommonCrypto.dylib
0x0000000018280000 	/usr/lib/system/libcompiler_rt.dylib
0x0000000018280000 	/usr/lib/system/libcopyfile.dylib
0x0000000018280000 	/usr/lib/system/libcorecrypto.dylib
0x0000000018280000 	/usr/lib/system/libdispatch.dylib
0x0000000018280000 	/usr/lib/system/libdyld.dylib
0x0000000018280000 	/usr/lib/system/libkeymgr.dylib
0x0000000018280000 	/usr/lib/system/libmacho.dylib
0x0000000018280000 	/usr/lib/system/libquarantine.dylib
0x0000000018280000 	/usr/lib/system/libremovefile.dylib
0x0000000018280000 	/usr/lib/system/libsystem_asl.dylib
0x0000000018280000 	/usr/lib/system/libsystem_blocks.dylib
0x0000000018280000 	/usr/lib/system/libsystem_c.dylib
0x0000000018280000 	/usr/lib/system/libsystem_collections.dylib
0x0000000018280000 	/usr/lib/system/libsystem_configuration.dylib
0x0000000018280000 	/usr/lib/system/libsystem_containermanager.dylib
0x0000000018280000 	/usr/lib/system/libsystem_coreservices.dylib
0x0000000018280000 	/usr/lib/system/libsystem_darwin.dylib
0x0000000018280000 	/usr/lib/system/libsystem_dnssd.dylib
0x0000000018280000 	/usr/lib/system/libsystem_featureflags.dylib
0x0000000018280000 	/usr/lib/system/libsystem_info.dylib
0x0000000018280000 	/usr/lib/system/libsystem_m.dylib
0x0000000018280000 	/usr/lib/system/libsystem_malloc.dylib
0x0000000018280000 	/usr/lib/system/libsystem_networkextension.dylib
0x0000000018280000 	/usr/lib/system/libsystem_notify.dylib
0x0000000018280000 	/usr/lib/system/libsystem_sandbox.dylib
0x0000000018280000 	/usr/lib/system/libsystem_secinit.dylib
0x0000000018280000 	/usr/lib/system/libsystem_kernel.dylib
0x0000000018280000 	/usr/lib/system/libsystem_platform.dylib
0x0000000018280000 	/usr/lib/system/libsystem_pthread.dylib
0x0000000018280000 	/usr/lib/system/libsystem_symptoms.dylib
0x0000000018280000 	/usr/lib/system/libsystem_trace.dylib
0x0000000018280000 	/usr/lib/system/libunwind.dylib
0x0000000018280000 	/usr/lib/system/libxpc.dylib
0x0000000018280000 	/usr/lib/libc++abi.dylib
0x0000000018280000 	/usr/lib/liboah.dylib
0x0000000018280000 	/usr/lib/liblzma.5.dylib
0x0000000018280000 	/usr/lib/libfakelink.dylib
0x0000000018280000 	/System/Library/Frameworks/CFNetwork.framework/Versions/A/CFNetwork
0x0000000018280000 	/usr/lib/libarchive.2.dylib
0x0000000018280000 	/System/Library/Frameworks/Combine.framework/Versions/A/Combine
0x0000000018280000 	/usr/lib/swift/libswiftCore.dylib
0x0000000018280000 	/usr/lib/swift/libswiftCoreFoundation.dylib
0x0000000018280000 	/usr/lib/swift/libswiftDarwin.dylib
0x0000000018280000 	/usr/lib/swift/libswiftDispatch.dylib
0x0000000018280000 	/usr/lib/swift/libswiftIOKit.dylib
0x0000000018280000 	/usr/lib/swift/libswiftObjectiveC.dylib
0x0000000018280000 	/usr/lib/swift/libswiftXPC.dylib
0x0000000018280000 	/usr/lib/swift/libswift_Concurrency.dylib
0x0000000018280000 	/usr/lib/swift/libswift_StringProcessing.dylib
0x0000000018280000 	/usr/lib/swift/libswiftos.dylib
0x0000000018280000 	/System/Library/PrivateFrameworks/CoreServicesInternal.framework/Versions/A/CoreServicesInternal
0x0000000018280000 	/usr/lib/libbsm.0.dylib
0x0000000018280000 	/usr/lib/system/libkxld.dylib
0x0000000018280000 	/System/Library/Frameworks/CoreServices.framework/Versions/A/Frameworks/FSEvents.framework/Versions/A/FSEvents
0x0000000018280000 	/System/Library/Frameworks/CoreServices.framework/Versions/A/Frameworks/CarbonCore.framework/Versions/A/CarbonCore
0x0000000018280000 	/System/Library/Frameworks/CoreServices.framework/Versions/A/Frameworks/Metadata.framework/Versions/A/Metadata
0x0000000018280000 	/System/Library/Frameworks/CoreServices.framework/Versions/A/Frameworks/OSServices.framework/Versions/A/OSServices
0x0000000018280000 	/System/Library/Frameworks/CoreServices.framework/Versions/A/Frameworks/SearchKit.framework/Versions/A/SearchKit
0x0000000018280000 	/System/Library/Frameworks/CoreServices.framework/Versions/A/Frameworks/AE.framework/Versions/A/AE
0x0000000018280000 	/System/Library/Frameworks/CoreServices.framework/Versions/A/Frameworks/LaunchServices.framework/Versions/A/LaunchServices
0x0000000018280000 	/System/Library/Frameworks/CoreServices.framework/Versions/A/Frameworks/DictionaryServices.framework/Versions/A/DictionaryServices
0x0000000018280000 	/System/Library/Frameworks/CoreServices.framework/Versions/A/Frameworks/SharedFileList.framework/Versions/A/SharedFileList
0x0000000018280000 	/usr/lib/libapple_nghttp2.dylib
0x0000000018280000 	/usr/lib/libnetwork.dylib
0x0000000018280000 	/usr/lib/libsqlite3.dylib
0x0000000018280000 	/System/Library/Frameworks/Network.framework/Versions/A/Network
0x0000000018280000 	/usr/lib/libCoreEntitlements.dylib
0x0000000018280000 	/System/Library/PrivateFrameworks/MessageSecurity.framework/Versions/A/MessageSecurity
0x0000000018280000 	/System/Library/PrivateFrameworks/ProtocolBuffer.framework/Versions/A/ProtocolBuffer
0x0000000018280000 	/System/Library/PrivateFrameworks/AppleFSCompression.framework/Versions/A/AppleFSCompression
0x0000000018280000 	/usr/lib/libcoretls.dylib
0x0000000018280000 	/usr/lib/libcoretls_cfhelpers.dylib
0x0000000018280000 	/usr/lib/libpam.2.dylib
0x0000000018280000 	/usr/lib/libxar.1.dylib
0x0000000018280000 	/usr/lib/libheimdal-asn1.dylib
0x0000000018280000 	/usr/lib/libpcap.A.dylib
0x0000000018280000 	/usr/lib/libdns_services.dylib
0x0000000018280000 	/System/Library/PrivateFrameworks/AppleSystemInfo.framework/Versions/A/AppleSystemInfo
0x0000000018280000 	/System/Library/PrivateFrameworks/IOMobileFramebuffer.framework/Versions/A/IOMobileFramebuffer
0x0000000018280000 	/usr/lib/libbz2.1.0.dylib
0x0000000018280000 	/usr/lib/libCheckFix.dylib
0x0000000018280000 	/System/Library/PrivateFrameworks/TCC.framework/Versions/A/TCC
0x0000000018280000 	/System/Library/PrivateFrameworks/CoreNLP.framework/Versions/A/CoreNLP
0x0000000018280000 	/System/Library/PrivateFrameworks/MetadataUtilities.framework/Versions/A/MetadataUtilities
0x0000000018280000 	/usr/lib/libmecab.dylib
0x0000000018280000 	/usr/lib/libCRFSuite.dylib
0x0000000018280000 	/usr/lib/libgermantok.dylib
0x0000000018280000 	/usr/lib/libThaiTokenizer.dylib
0x0000000018280000 	/System/Library/Frameworks/Accelerate.framework/Versions/A/Frameworks/vImage.framework/Versions/A/vImage
0x0000000018280000 	/System/Library/Frameworks/Accelerate.framework/Versions/A/Frameworks/vecLib.framework/Versions/A/vecLib
0x0000000018280000 	/System/Library/Frameworks/Accelerate.framework/Versions/A/Frameworks/vecLib.framework/Versions/A/libvMisc.dylib
0x0000000018280000 	/System/Library/Frameworks/Accelerate.framework/Versions/A/Frameworks/vecLib.framework/Versions/A/libvDSP.dylib
0x0000000018280000 	/System/Library/Frameworks/Accelerate.framework/Versions/A/Frameworks/vecLib.framework/Versions/A/libBLAS.dylib
0x0000000018280000 	/System/Library/Frameworks/Accelerate.framework/Versions/A/Frameworks/vecLib.framework/Versions/A/libLAPACK.dylib
0x0000000018280000 	/System/Library/Frameworks/Accelerate.framework/Versions/A/Frameworks/vecLib.framework/Versions/A/libLinearAlgebra.dylib
0x0000000018280000 	/System/Library/Frameworks/Accelerate.framework/Versions/A/Frameworks/vecLib.framework/Versions/A/libSparseBLAS.dylib
0x0000000018280000 	/System/Library/Frameworks/Accelerate.framework/Versions/A/Frameworks/vecLib.framework/Versions/A/libQuadrature.dylib
0x0000000018280000 	/System/Library/Frameworks/Accelerate.framework/Versions/A/Frameworks/vecLib.framework/Versions/A/libBNNS.dylib
0x0000000018280000 	/System/Library/Frameworks/Accelerate.framework/Versions/A/Frameworks/vecLib.framework/Versions/A/libSparse.dylib
0x0000000018280000 	/System/Library/PrivateFrameworks/MIL.framework/Versions/A/MIL
0x0000000018280000 	/usr/lib/libiconv.2.dylib
0x0000000018280000 	/usr/lib/libcharset.1.dylib
0x0000000018280000 	/System/Library/Frameworks/OpenDirectory.framework/Versions/A/Frameworks/CFOpenDirectory.framework/Versions/A/CFOpenDirectory
0x0000000018280000 	/System/Library/Frameworks/OpenDirectory.framework/Versions/A/OpenDirectory
0x0000000018280000 	/System/Library/PrivateFrameworks/APFS.framework/Versions/A/APFS
0x0000000018280000 	/System/Library/Frameworks/SecurityFoundation.framework/Versions/A/SecurityFoundation
0x0000000018280000 	/usr/lib/libutil.dylib
0x0000000018280000 	/System/Library/PrivateFrameworks/InstalledContentLibrary.framework/Versions/A/InstalledContentLibrary
0x0000000018280000 	/System/Library/PrivateFrameworks/CoreServicesStore.framework/Versions/A/CoreServicesStore
0x0000000018280000 	/System/Library/PrivateFrameworks/AppleMobileFileIntegrity.framework/Versions/A/AppleMobileFileIntegrity
0x0000000018280000 	/usr/lib/libmis.dylib
0x0000000018280000 	/System/Library/PrivateFrameworks/MobileSystemServices.framework/Versions/A/MobileSystemServices
0x0000000018280000 	/System/Library/PrivateFrameworks/ConfigProfileHelper.framework/Versions/A/ConfigProfileHelper
0x0000000018280000 	/System/Library/PrivateFrameworks/AppleSauce.framework/Versions/A/AppleSauce
0x0000000018280000 	/System/Library/PrivateFrameworks/LanguageModeling.framework/Versions/A/LanguageModeling
0x0000000018280000 	/usr/lib/libxslt.1.dylib
0x0000000018280000 	/usr/lib/libcmph.dylib
0x0000000018280000 	/System/Library/PrivateFrameworks/CoreEmoji.framework/Versions/A/CoreEmoji
0x0000000018280000 	/System/Library/PrivateFrameworks/LinguisticData.framework/Versions/A/LinguisticData
0x0000000018280000 	/System/Library/PrivateFrameworks/Lexicon.framework/Versions/A/Lexicon
0x0000000018280000 	/System/Library/PrivateFrameworks/BackgroundTaskManagement.framework/Versions/A/BackgroundTaskManagement
0x0000000018280000 	/usr/lib/libTLE.dylib
0x0000000018280000 	/usr/lib/swift/libswift_RegexParser.dylib
0x0000000018280000 	/System/Library/PrivateFrameworks/AppleJPEG.framework/Versions/A/AppleJPEG
0x0000000018280000 	/usr/lib/libexpat.1.dylib
0x0000000018280000 	/System/Library/Frameworks/ImageIO.framework/Versions/A/Resources/libPng.dylib
0x0000000018280000 	/System/Library/Frameworks/ImageIO.framework/Versions/A/Resources/libTIFF.dylib
0x0000000018280000 	/System/Library/Frameworks/ImageIO.framework/Versions/A/Resources/libGIF.dylib
0x0000000018280000 	/System/Library/Frameworks/ImageIO.framework/Versions/A/Resources/libJP2.dylib
0x0000000018280000 	/System/Library/Frameworks/ImageIO.framework/Versions/A/Resources/libJPEG.dylib
0x0000000018280000 	/System/Library/Frameworks/ImageIO.framework/Versions/A/Resources/libRadiance.dylib
0x0000000018280000 	/System/Library/PrivateFrameworks/FontServices.framework/libFontParser.dylib
0x0000000018280000 	/System/Library/PrivateFrameworks/RunningBoardServices.framework/Versions/A/RunningBoardServices
0x0000000018280000 	/System/Library/PrivateFrameworks/IOSurfaceAccelerator.framework/Versions/A/IOSurfaceAccelerator
0x0000000018280000 	/System/Library/PrivateFrameworks/WatchdogClient.framework/Versions/A/WatchdogClient
0x0000000018280000 	/System/Library/Frameworks/CoreDisplay.framework/Versions/A/CoreDisplay
0x0000000018280000 	/System/Library/Frameworks/CoreMedia.framework/Versions/A/CoreMedia
0x0000000018280000 	/System/Library/PrivateFrameworks/IOAccelerator.framework/Versions/A/IOAccelerator
0x0000000018280000 	/System/Library/Frameworks/CoreVideo.framework/Versions/A/CoreVideo
0x0000000018280000 	/System/Library/Frameworks/MetalPerformanceShaders.framework/Versions/A/MetalPerformanceShaders
0x0000000018280000 	/System/Library/Frameworks/VideoToolbox.framework/Versions/A/VideoToolbox
0x0000000018280000 	/System/Library/PrivateFrameworks/BaseBoard.framework/Versions/A/BaseBoard
0x0000000018280000 	/System/Library/PrivateFrameworks/GPUWrangler.framework/Versions/A/GPUWrangler
0x0000000018280000 	/System/Library/PrivateFrameworks/IOPresentment.framework/Versions/A/IOPresentment
0x0000000018280000 	/System/Library/PrivateFrameworks/DSExternalDisplay.framework/Versions/A/DSExternalDisplay
0x0000000018280000 	/System/Library/PrivateFrameworks/GPUCompiler.framework/Versions/31001/Libraries/libllvm-flatbuffers.dylib
0x0000000018280000 	/System/Library/Frameworks/OpenGL.framework/Versions/A/Libraries/libCoreFSCache.dylib
0x0000000018280000 	/System/Library/PrivateFrameworks/GPUCompiler.framework/Versions/31001/Libraries/libGPUCompilerUtils.dylib
0x0000000018280000 	/System/Library/PrivateFrameworks/CMCaptureCore.framework/Versions/A/CMCaptureCore
0x0000000018280000 	/System/Library/Frameworks/ExtensionFoundation.framework/Versions/A/ExtensionFoundation
0x0000000018280000 	/System/Library/PrivateFrameworks/CoreTime.framework/Versions/A/CoreTime
0x0000000018280000 	/System/Library/PrivateFrameworks/AppServerSupport.framework/Versions/A/AppServerSupport
0x0000000018280000 	/System/Library/PrivateFrameworks/perfdata.framework/Versions/A/perfdata
0x0000000018280000 	/System/Library/PrivateFrameworks/AudioToolboxCore.framework/Versions/A/AudioToolboxCore
0x0000000018280000 	/System/Library/PrivateFrameworks/caulk.framework/Versions/A/caulk
0x0000000018280000 	/usr/lib/libAudioStatistics.dylib
0x0000000018280000 	/System/Library/PrivateFrameworks/SystemPolicy.framework/Versions/A/SystemPolicy
0x0000000018280000 	/usr/lib/libSMC.dylib
0x0000000018280000 	/System/Library/Frameworks/CoreMIDI.framework/Versions/A/CoreMIDI
0x0000000018280000 	/usr/lib/libAudioToolboxUtility.dylib
0x0000000018280000 	/System/Library/PrivateFrameworks/OSAServicesClient.framework/Versions/A/OSAServicesClient
0x0000000018280000 	/usr/lib/libperfcheck.dylib
0x0000000018280000 	/System/Library/PrivateFrameworks/PlugInKit.framework/Versions/A/PlugInKit
0x0000000018280000 	/System/Library/PrivateFrameworks/AssertionServices.framework/Versions/A/AssertionServices
0x0000000018280000 	/System/Library/Frameworks/OpenGL.framework/Versions/A/Libraries/libGLU.dylib
0x0000000018280000 	/System/Library/Frameworks/OpenGL.framework/Versions/A/Libraries/libGFXShared.dylib
0x0000000018280000 	/System/Library/Frameworks/OpenGL.framework/Versions/A/Libraries/libGL.dylib
0x0000000018280000 	/System/Library/Frameworks/OpenGL.framework/Versions/A/Libraries/libGLImage.dylib
0x0000000018280000 	/System/Library/Frameworks/OpenGL.framework/Versions/A/Libraries/libCVMSPluginSupport.dylib
0x0000000018280000 	/usr/lib/libRosetta.dylib
0x0000000018280000 	/System/Library/Frameworks/OpenGL.framework/Versions/A/Libraries/libCoreVMClient.dylib
0x0000000018280000 	/System/Library/Frameworks/MetalPerformanceShaders.framework/Versions/A/Frameworks/MPSCore.framework/Versions/A/MPSCore
0x0000000018280000 	/System/Library/Frameworks/MetalPerformanceShaders.framework/Versions/A/Frameworks/MPSImage.framework/Versions/A/MPSImage
0x0000000018280000 	/System/Library/Frameworks/MetalPerformanceShaders.framework/Versions/A/Frameworks/MPSNeuralNetwork.framework/Versions/A/MPSNeuralNetwork
0x0000000018280000 	/System/Library/Frameworks/MetalPerformanceShaders.framework/Versions/A/Frameworks/MPSMatrix.framework/Versions/A/MPSMatrix
0x0000000018280000 	/System/Library/Frameworks/MetalPerformanceShaders.framework/Versions/A/Frameworks/MPSRayIntersector.framework/Versions/A/MPSRayIntersector
0x0000000018280000 	/System/Library/Frameworks/MetalPerformanceShaders.framework/Versions/A/Frameworks/MPSNDArray.framework/Versions/A/MPSNDArray
0x0000000018280000 	/System/Library/Frameworks/MetalPerformanceShaders.framework/Versions/A/Frameworks/MPSFunctions.framework/Versions/A/MPSFunctions
0x0000000018280000 	/System/Library/PrivateFrameworks/MetalTools.framework/Versions/A/MetalTools
0x0000000018280000 	/System/Library/PrivateFrameworks/AggregateDictionary.framework/Versions/A/AggregateDictionary
0x0000000018280000 	/usr/lib/libIOReport.dylib
0x0000000018280000 	/System/Library/PrivateFrameworks/PhotosensitivityProcessing.framework/Versions/A/PhotosensitivityProcessing
0x0000000018280000 	/System/Library/Frameworks/OpenCL.framework/Versions/A/OpenCL
0x0000000018280000 	/System/Library/PrivateFrameworks/GraphVisualizer.framework/Versions/A/GraphVisualizer
0x0000000018280000 	/System/Library/PrivateFrameworks/FontServices.framework/Versions/A/FontServices
0x0000000018280000 	/System/Library/PrivateFrameworks/OTSVG.framework/Versions/A/OTSVG
0x0000000018280000 	/System/Library/Frameworks/ApplicationServices.framework/Versions/A/Frameworks/ATS.framework/Versions/A/Resources/libFontRegistry.dylib
0x0000000018280000 	/System/Library/PrivateFrameworks/FontServices.framework/libhvf.dylib
0x0000000018280000 	/System/Library/PrivateFrameworks/FontServices.framework/libXTFontStaticRegistryData.dylib
0x0000000018280000 	/System/Library/PrivateFrameworks/VideoToolboxParavirtualizationSupport.framework/Versions/A/VideoToolboxParavirtualizationSupport
0x0000000018280000 	/System/Library/PrivateFrameworks/AppleVA.framework/Versions/A/AppleVA
0x0000000018280000 	/System/Library/Frameworks/ApplicationServices.framework/Versions/A/Frameworks/ATS.framework/Versions/A/ATS
0x0000000018280000 	/System/Library/Frameworks/ApplicationServices.framework/Versions/A/Frameworks/HIServices.framework/Versions/A/HIServices
0x0000000018280000 	/System/Library/Frameworks/ApplicationServices.framework/Versions/A/Frameworks/PrintCore.framework/Versions/A/PrintCore
0x0000000018280000 	/System/Library/Frameworks/ApplicationServices.framework/Versions/A/Frameworks/QD.framework/Versions/A/QD
0x0000000018280000 	/System/Library/Frameworks/ApplicationServices.framework/Versions/A/Frameworks/ColorSyncLegacy.framework/Versions/A/ColorSyncLegacy
0x0000000018280000 	/System/Library/Frameworks/ApplicationServices.framework/Versions/A/Frameworks/SpeechSynthesis.framework/Versions/A/SpeechSynthesis
0x0000000018280000 	/System/Library/Frameworks/ApplicationServices.framework/Versions/A/Frameworks/ATSUI.framework/Versions/A/ATSUI
0x0000000018280000 	/usr/lib/libcups.2.dylib
0x0000000018280000 	/System/Library/Frameworks/Kerberos.framework/Versions/A/Kerberos
0x0000000018280000 	/System/Library/Frameworks/GSS.framework/Versions/A/GSS
0x0000000018280000 	/usr/lib/libresolv.9.dylib
0x0000000018280000 	/System/Library/PrivateFrameworks/Heimdal.framework/Versions/A/Heimdal
0x0000000018280000 	/System/Library/Frameworks/Kerberos.framework/Versions/A/Libraries/libHeimdalProxy.dylib
0x0000000018280000 	/System/Library/PrivateFrameworks/CommonAuth.framework/Versions/A/CommonAuth
0x0000000018280000 	/System/Library/Frameworks/AVFAudio.framework/Versions/A/AVFAudio
0x0000000018280000 	/System/Library/PrivateFrameworks/AXCoreUtilities.framework/Versions/A/AXCoreUtilities
0x0000000018280000 	/System/Library/PrivateFrameworks/AudioSession.framework/Versions/A/AudioSession
0x0000000018280000 	/System/Library/Frameworks/IOBluetooth.framework/Versions/A/IOBluetooth
0x0000000018280000 	/System/Library/PrivateFrameworks/MediaExperience.framework/Versions/A/MediaExperience
0x0000000018280000 	/System/Library/PrivateFrameworks/AudioSession.framework/libSessionUtility.dylib
0x0000000018280000 	/System/Library/PrivateFrameworks/AudioResourceArbitration.framework/Versions/A/AudioResourceArbitration
0x0000000018280000 	/System/Library/PrivateFrameworks/PowerLog.framework/Versions/A/PowerLog
0x0000000018280000 	/System/Library/Frameworks/CoreBluetooth.framework/Versions/A/CoreBluetooth
0x0000000018280000 	/System/Library/Frameworks/AudioUnit.framework/Versions/A/AudioUnit
0x0000000018280000 	/System/Library/PrivateFrameworks/CoreUtils.framework/Versions/A/CoreUtils
0x0000000018280000 	/System/Library/PrivateFrameworks/CoreUtilsExtras.framework/Versions/A/CoreUtilsExtras
0x0000000018280000 	/System/Library/PrivateFrameworks/IO80211.framework/Versions/A/IO80211
0x0000000018280000 	/System/Library/PrivateFrameworks/IconFoundation.framework/Versions/A/IconFoundation
0x0000000018280000 	/System/Library/PrivateFrameworks/SpeechRecognitionCore.framework/Versions/A/SpeechRecognitionCore
0x000000010b7e7000 	/Users/dmiifilin/Library/Application Support/tlauncher/mojang_jre/jre-legacy/mac-os/jre-legacy/jre.bundle/Contents/Home/lib/server/libjvm.dylib
0x0000000018280000 	/usr/lib/libstdc++.6.dylib
0x000000010a8a4000 	/Users/dmiifilin/Library/Application Support/tlauncher/mojang_jre/jre-legacy/mac-os/jre-legacy/jre.bundle/Contents/Home/lib/libverify.dylib
0x000000010a8f8000 	/Users/dmiifilin/Library/Application Support/tlauncher/mojang_jre/jre-legacy/mac-os/jre-legacy/jre.bundle/Contents/Home/lib/libjava.dylib
0x000000010a8cc000 	/Users/dmiifilin/Library/Application Support/tlauncher/mojang_jre/jre-legacy/mac-os/jre-legacy/jre.bundle/Contents/Home/lib/libzip.dylib
0x0000000018280000 	/System/Library/Frameworks/JavaRuntimeSupport.framework/Versions/A/JavaRuntimeSupport
0x0000000018280000 	/System/Library/Frameworks/Carbon.framework/Versions/A/Carbon
0x0000000018280000 	/System/Library/PrivateFrameworks/CoreSymbolication.framework/Versions/A/CoreSymbolication
0x0000000018280000 	/System/Library/Frameworks/Carbon.framework/Versions/A/Frameworks/CommonPanels.framework/Versions/A/CommonPanels
0x0000000018280000 	/System/Library/Frameworks/Carbon.framework/Versions/A/Frameworks/Help.framework/Versions/A/Help
0x0000000018280000 	/System/Library/Frameworks/Carbon.framework/Versions/A/Frameworks/ImageCapture.framework/Versions/A/ImageCapture
0x0000000018280000 	/System/Library/Frameworks/Carbon.framework/Versions/A/Frameworks/OpenScripting.framework/Versions/A/OpenScripting
0x0000000018280000 	/System/Library/Frameworks/Carbon.framework/Versions/A/Frameworks/Ink.framework/Versions/A/Ink
0x0000000018280000 	/System/Library/Frameworks/Carbon.framework/Versions/A/Frameworks/Print.framework/Versions/A/Print
0x0000000018280000 	/System/Library/Frameworks/Carbon.framework/Versions/A/Frameworks/SecurityHI.framework/Versions/A/SecurityHI
0x0000000018280000 	/System/Library/PrivateFrameworks/DebugSymbols.framework/Versions/A/DebugSymbols
0x00000001231f2000 	/Users/dmiifilin/Library/Application Support/tlauncher/mojang_jre/jre-legacy/mac-os/jre-legacy/jre.bundle/Contents/Home/lib/libmanagement.dylib
0x00000001234fd000 	/Users/dmiifilin/Library/Application Support/tlauncher/mojang_jre/jre-legacy/mac-os/jre-legacy/jre.bundle/Contents/Home/lib/libnet.dylib
0x00000001235ba000 	/Users/dmiifilin/Library/Application Support/tlauncher/mojang_jre/jre-legacy/mac-os/jre-legacy/jre.bundle/Contents/Home/lib/libnio.dylib
0x00000001238e3000 	/Users/dmiifilin/Library/Application Support/tlauncher/mojang_jre/jre-legacy/mac-os/jre-legacy/jre.bundle/Contents/Home/lib/libawt.dylib
0x0000000123b00000 	/Users/dmiifilin/Library/Application Support/tlauncher/mojang_jre/jre-legacy/mac-os/jre-legacy/jre.bundle/Contents/Home/lib/libmlib_image.dylib
0x0000000018280000 	/System/Library/Frameworks/JavaNativeFoundation.framework/Versions/A/JavaNativeFoundation
0x0000000123c88000 	/Users/dmiifilin/Library/Application Support/tlauncher/mojang_jre/jre-legacy/mac-os/jre-legacy/jre.bundle/Contents/Home/lib/libawt_lwawt.dylib
0x0000000123879000 	/Users/dmiifilin/Library/Application Support/tlauncher/mojang_jre/jre-legacy/mac-os/jre-legacy/jre.bundle/Contents/Home/lib/libosxapp.dylib
0x0000000018280000 	/System/Library/Frameworks/ExceptionHandling.framework/Versions/A/ExceptionHandling
0x0000000018280000 	/System/Library/Frameworks/FileProvider.framework/Versions/A/FileProvider
0x0000000018280000 	/System/Library/Frameworks/Accounts.framework/Versions/A/Accounts
0x0000000018280000 	/System/Library/PrivateFrameworks/UserManagement.framework/Versions/A/UserManagement
0x0000000018280000 	/System/Library/PrivateFrameworks/GenerationalStorage.framework/Versions/A/GenerationalStorage
0x0000000018280000 	/System/Library/PrivateFrameworks/SymptomDiagnosticReporter.framework/Versions/A/SymptomDiagnosticReporter
0x0000000018280000 	/System/Library/PrivateFrameworks/DesktopServicesPriv.framework/Versions/A/DesktopServicesPriv
0x0000000018280000 	/usr/lib/libsandbox.1.dylib
0x0000000018280000 	/System/Library/PrivateFrameworks/NetAuth.framework/Versions/A/NetAuth
0x0000000018280000 	/System/Library/PrivateFrameworks/Sharing.framework/Versions/A/Sharing
0x0000000018280000 	/System/Library/PrivateFrameworks/login.framework/Versions/A/Frameworks/loginsupport.framework/Versions/A/loginsupport
0x0000000018280000 	/System/Library/PrivateFrameworks/Apple80211.framework/Versions/A/Apple80211
0x0000000018280000 	/System/Library/PrivateFrameworks/AuthKit.framework/Versions/A/AuthKit
0x0000000018280000 	/System/Library/Frameworks/CoreWLAN.framework/Versions/A/CoreWLAN
0x0000000018280000 	/System/Library/PrivateFrameworks/CoreWiFi.framework/Versions/A/CoreWiFi
0x0000000018280000 	/System/Library/PrivateFrameworks/WiFiPeerToPeer.framework/Versions/A/WiFiPeerToPeer
0x0000000018280000 	/System/Library/PrivateFrameworks/FrontBoardServices.framework/Versions/A/FrontBoardServices
0x0000000018280000 	/System/Library/PrivateFrameworks/BoardServices.framework/Versions/A/BoardServices
0x0000000018280000 	/System/Library/PrivateFrameworks/BackBoardServices.framework/Versions/A/BackBoardServices
0x0000000018280000 	/System/Library/Frameworks/UserNotifications.framework/Versions/A/UserNotifications
0x0000000018280000 	/System/Library/PrivateFrameworks/CorePhoneNumbers.framework/Versions/A/CorePhoneNumbers
0x0000000018280000 	/System/Library/PrivateFrameworks/MultiverseSupport.framework/Versions/A/MultiverseSupport
0x0000000018280000 	/System/Library/PrivateFrameworks/RemoteServiceDiscovery.framework/Versions/A/RemoteServiceDiscovery
0x0000000018280000 	/System/Library/PrivateFrameworks/DiskManagement.framework/Versions/A/DiskManagement
0x0000000018280000 	/System/Library/PrivateFrameworks/AppleIDAuthSupport.framework/Versions/A/AppleIDAuthSupport
0x0000000018280000 	/System/Library/PrivateFrameworks/AAAFoundation.framework/Versions/A/AAAFoundation
0x0000000018280000 	/System/Library/PrivateFrameworks/KeychainCircle.framework/Versions/A/KeychainCircle
0x0000000018280000 	/System/Library/PrivateFrameworks/RemoteXPC.framework/Versions/A/RemoteXPC
0x0000000018280000 	/System/Library/PrivateFrameworks/MediaKit.framework/Versions/A/MediaKit
0x0000000018280000 	/System/Library/Frameworks/DiscRecording.framework/Versions/A/DiscRecording
0x0000000018280000 	/usr/lib/libCoreStorage.dylib
0x0000000018280000 	/usr/lib/libcsfde.dylib
0x0000000018280000 	/System/Library/PrivateFrameworks/ProtectedCloudStorage.framework/Versions/A/ProtectedCloudStorage
0x0000000018280000 	/System/Library/PrivateFrameworks/EFILogin.framework/Versions/A/EFILogin
0x0000000018280000 	/System/Library/PrivateFrameworks/OctagonTrust.framework/Versions/A/OctagonTrust
0x0000000018280000 	/usr/lib/libMatch.1.dylib
0x0000000018280000 	/System/Library/CoreServices/RawCamera.bundle/Contents/MacOS/RawCamera
0x0000000018280000 	/System/Library/PrivateFrameworks/MobileAsset.framework/Versions/A/MobileAsset
0x0000000018280000 	/System/Library/PrivateFrameworks/SoftwareUpdateCoreSupport.framework/Versions/A/SoftwareUpdateCoreSupport
0x0000000018280000 	/System/Library/PrivateFrameworks/SoftwareUpdateCoreConnect.framework/Versions/A/SoftwareUpdateCoreConnect
0x0000000018280000 	/System/Library/PrivateFrameworks/StreamingZip.framework/Versions/A/StreamingZip
0x0000000018280000 	/System/Library/PrivateFrameworks/MSUDataAccessor.framework/Versions/A/MSUDataAccessor
0x0000000018280000 	/usr/lib/libbootpolicy.dylib
0x0000000018280000 	/usr/lib/libpartition2_dynamic.dylib
0x0000000018280000 	/System/Library/PrivateFrameworks/CMPhoto.framework/Versions/A/CMPhoto
0x0000000018280000 	/System/Library/PrivateFrameworks/AppleVPA.framework/Versions/A/AppleVPA
0x0000000018280000 	/System/Library/Frameworks/MediaToolbox.framework/Versions/A/MediaToolbox
0x0000000018280000 	/System/Library/PrivateFrameworks/CoreAVCHD.framework/Versions/A/CoreAVCHD
0x0000000018280000 	/System/Library/Frameworks/MediaAccessibility.framework/Versions/A/MediaAccessibility
0x0000000018280000 	/System/Library/PrivateFrameworks/Mangrove.framework/Versions/A/Mangrove
0x0000000018280000 	/System/Library/PrivateFrameworks/CoreAUC.framework/Versions/A/CoreAUC
0x0000000018280000 	/System/Library/Frameworks/Accelerate.framework/Versions/A/Frameworks/vImage.framework/Versions/A/Libraries/libCGInterfaces.dylib
0x0000000126530000 	/usr/lib/libobjc-trampolines.dylib
0x0000000018280000 	/usr/lib/libAccessibilityBaseImplementations.dylib
0x0000000018280000 	/System/Library/PrivateFrameworks/FamilyControls.framework/Versions/A/FamilyControls
0x0000000018280000 	/System/Library/PrivateFrameworks/CommerceKit.framework/Versions/A/Frameworks/CommerceCore.framework/Versions/A/CommerceCore
0x0000000018280000 	/System/Library/PrivateFrameworks/SystemAdministration.framework/Versions/A/SystemAdministration
0x0000000018280000 	/System/Library/PrivateFrameworks/AppContainer.framework/Versions/A/AppContainer
0x0000000018280000 	/System/Library/PrivateFrameworks/SecCodeWrapper.framework/Versions/A/SecCodeWrapper
0x0000000018280000 	/System/Library/PrivateFrameworks/CrashReporterSupport.framework/Versions/A/CrashReporterSupport
0x0000000018280000 	/System/Library/PrivateFrameworks/OSAnalytics.framework/Versions/A/OSAnalytics
0x0000000018280000 	/System/Library/PrivateFrameworks/Symbolication.framework/Versions/A/Symbolication
0x0000000018280000 	/System/Library/PrivateFrameworks/MallocStackLogging.framework/Versions/A/MallocStackLogging
0x0000000018280000 	/System/Library/PrivateFrameworks/login.framework/Versions/A/login
0x0000000018280000 	/System/Library/Frameworks/DirectoryService.framework/Versions/A/DirectoryService
0x0000000018280000 	/System/Library/PrivateFrameworks/DiskImages.framework/Versions/A/DiskImages
0x0000000018280000 	/System/Library/Frameworks/ServiceManagement.framework/Versions/A/ServiceManagement
0x0000000018280000 	/System/Library/PrivateFrameworks/LoginUIKit.framework/Versions/A/Frameworks/LoginUICore.framework/Versions/A/LoginUICore
0x0000000018280000 	/usr/lib/libodfde.dylib
0x0000000018280000 	/usr/lib/libcurl.4.dylib
0x0000000018280000 	/usr/lib/libcrypto.46.dylib
0x0000000018280000 	/usr/lib/libssl.48.dylib
0x0000000018280000 	/System/Library/Frameworks/LDAP.framework/Versions/A/LDAP
0x0000000018280000 	/System/Library/PrivateFrameworks/TrustEvaluationAgent.framework/Versions/A/TrustEvaluationAgent
0x0000000018280000 	/usr/lib/libsasl2.2.dylib
0x0000000018280000 	/System/Library/PrivateFrameworks/ViewBridge.framework/Versions/A/ViewBridge
0x0000000128106000 	/Users/dmiifilin/Library/Application Support/tlauncher/mojang_jre/jre-legacy/mac-os/jre-legacy/jre.bundle/Contents/Home/lib/libfontmanager.dylib
0x000000012828d000 	/Users/dmiifilin/Library/Application Support/minecraft/versions/1.12.2/natives/liblwjgl.dylib
0x00000001230b4000 	/Users/dmiifilin/Library/Application Support/tlauncher/mojang_jre/jre-legacy/mac-os/jre-legacy/jre.bundle/Contents/Home/lib/libjawt.dylib
0x00000001281fa000 	/Users/dmiifilin/Library/Application Support/tlauncher/mojang_jre/jre-legacy/mac-os/jre-legacy/jre.bundle/Contents/Home/lib/libsunec.dylib
0x0000000018280000 	/System/Library/Frameworks/OpenGL.framework/Versions/A/Resources/GLEngine.bundle/GLEngine
0x0000000018280000 	/System/Library/Frameworks/OpenGL.framework/Versions/A/Libraries/libGLProgrammability.dylib
0x0000000129733000 	/System/Library/Extensions/AppleMetalOpenGLRenderer.bundle/Contents/MacOS/AppleMetalOpenGLRenderer
0x0000000018280000 	/System/Library/Frameworks/OpenGL.framework/Versions/A/Resources/GLRendererFloat.bundle/GLRendererFloat
0x0000000018280000 	/System/Library/Extensions/AGXMetalG13X.bundle/Contents/MacOS/AGXMetalG13X
0x0000000018280000 	/System/Library/PrivateFrameworks/GPURawCounter.framework/Versions/A/GPURawCounter
0x0000000018280000 	/System/Library/PrivateFrameworks/IOGPU.framework/Versions/A/IOGPU
0x000000012bc2c000 	/Users/dmiifilin/Library/Application Support/minecraft/versions/1.12.2/natives/openal.dylib
0x000000012bfb7000 	/System/Library/Components/CoreAudio.component/Contents/MacOS/CoreAudio
0x0000000018280000 	/System/Library/Frameworks/AVFoundation.framework/Versions/A/AVFoundation
0x0000000018280000 	/System/Library/PrivateFrameworks/AVFCore.framework/Versions/A/AVFCore
0x0000000018280000 	/System/Library/PrivateFrameworks/AVFCapture.framework/Versions/A/AVFCapture
0x0000000018280000 	/System/Library/PrivateFrameworks/AirPlaySync.framework/Versions/A/AirPlaySync
0x0000000018280000 	/System/Library/PrivateFrameworks/CMImaging.framework/Versions/A/CMImaging
0x0000000018280000 	/System/Library/PrivateFrameworks/Quagga.framework/Versions/A/Quagga
0x0000000018280000 	/System/Library/PrivateFrameworks/CMCapture.framework/Versions/A/CMCapture
0x0000000018280000 	/System/Library/Frameworks/CoreMediaIO.framework/Versions/A/CoreMediaIO
0x0000000018280000 	/System/Library/PrivateFrameworks/LoggingSupport.framework/Versions/A/LoggingSupport
0x00000001301a8000 	/private/var/folders/7v/yvlgm2nd72j05w51sjwld1f00000gn/T/jna--1861920475/jna1721984725490823721.tmp
0x0000000018280000 	/System/Library/Frameworks/JavaVM.framework/Versions/A/JavaVM
0x00000001303df000 	/private/var/folders/7v/yvlgm2nd72j05w51sjwld1f00000gn/T/libjcocoa5353479918865740193.dylib
0x0000000018280000 	/System/Library/PrivateFrameworks/TextToSpeech.framework/Versions/A/TextToSpeech
0x0000000018280000 	/System/Library/PrivateFrameworks/AXAssetLoader.framework/Versions/A/AXAssetLoader
0x0000000018280000 	/usr/lib/libAccessibility.dylib
0x0000000018280000 	/System/Library/PrivateFrameworks/SiriTTSService.framework/Versions/A/SiriTTSService
0x0000000018280000 	/System/Library/PrivateFrameworks/SSMLServices.framework/Versions/A/SSMLServices
0x0000000018280000 	/usr/lib/libtailspin.dylib
0x0000000018280000 	/System/Library/PrivateFrameworks/UnifiedAssetFramework.framework/Versions/A/UnifiedAssetFramework
0x0000000018280000 	/System/Library/PrivateFrameworks/Osprey.framework/Versions/A/Osprey
0x0000000018280000 	/System/Library/PrivateFrameworks/SiriTTS.framework/Versions/A/SiriTTS
0x0000000018280000 	/System/Library/Frameworks/CryptoKit.framework/Versions/A/CryptoKit
0x0000000018280000 	/System/Library/PrivateFrameworks/FeatureFlags.framework/Versions/A/FeatureFlags
0x0000000018280000 	/System/Library/PrivateFrameworks/SAObjects.framework/Versions/A/SAObjects
0x0000000018280000 	/System/Library/PrivateFrameworks/SiriAnalytics.framework/Versions/A/SiriAnalytics
0x0000000018280000 	/System/Library/PrivateFrameworks/SiriInstrumentation.framework/Versions/A/SiriInstrumentation
0x0000000018280000 	/System/Library/PrivateFrameworks/SiriPowerInstrumentation.framework/Versions/A/SiriPowerInstrumentation
0x0000000018280000 	/System/Library/PrivateFrameworks/Trial.framework/Versions/A/Trial
0x0000000018280000 	/System/Library/PrivateFrameworks/TrialProto.framework/Versions/A/TrialProto
0x0000000018280000 	/usr/lib/swift/libswiftAVFoundation.dylib
0x0000000018280000 	/usr/lib/swift/libswiftAccelerate.dylib
0x0000000018280000 	/usr/lib/swift/libswiftCoreAudio.dylib
0x0000000018280000 	/usr/lib/swift/libswiftCoreMIDI.dylib
0x0000000018280000 	/usr/lib/swift/libswiftCoreMedia.dylib
0x0000000018280000 	/usr/lib/swift/libswiftMetal.dylib
0x0000000018280000 	/usr/lib/swift/libswiftQuartzCore.dylib
0x0000000018280000 	/usr/lib/swift/libswiftUniformTypeIdentifiers.dylib
0x0000000018280000 	/usr/lib/swift/libswiftsimd.dylib
0x0000000018280000 	/System/Library/PrivateFrameworks/TailspinSymbolication.framework/Versions/A/TailspinSymbolication
0x0000000018280000 	/System/Library/PrivateFrameworks/Darwinup.framework/Versions/A/Darwinup
0x0000000018280000 	/System/Library/PrivateFrameworks/SignpostSupport.framework/Versions/A/SignpostSupport
0x0000000018280000 	/System/Library/PrivateFrameworks/FeatureFlagsSupport.framework/Versions/A/FeatureFlagsSupport
0x0000000018280000 	/System/Library/PrivateFrameworks/ktrace.framework/Versions/A/ktrace
0x0000000018280000 	/System/Library/PrivateFrameworks/SampleAnalysis.framework/Versions/A/SampleAnalysis
0x0000000018280000 	/System/Library/PrivateFrameworks/kperfdata.framework/Versions/A/kperfdata
0x0000000018280000 	/usr/lib/libdscsym.dylib
0x0000000018280000 	/System/Library/PrivateFrameworks/kperf.framework/Versions/A/kperf
0x0000000018280000 	/usr/lib/swift/libswiftOSLog.dylib
0x0000000018280000 	/System/Library/Frameworks/OSLog.framework/Versions/A/OSLog
0x0000000018280000 	/System/Library/PrivateFrameworks/BulkSymbolication.framework/Versions/A/BulkSymbolication
0x0000000018280000 	/System/Library/PrivateFrameworks/FeedbackLogger.framework/Versions/A/FeedbackLogger
0x0000000018280000 	/System/Library/PrivateFrameworks/AppSupport.framework/Versions/A/AppSupport
0x0000000018280000 	/System/Library/PrivateFrameworks/ProactiveSupport.framework/Versions/A/ProactiveSupport
0x0000000018280000 	/System/Library/PrivateFrameworks/ProactiveEventTracker.framework/Versions/A/ProactiveEventTracker
0x0000000018280000 	/System/Library/PrivateFrameworks/InternationalTextSearch.framework/Versions/A/InternationalTextSearch
0x0000000018280000 	/System/Library/PrivateFrameworks/RTCReporting.framework/Versions/A/RTCReporting
0x0000000018280000 	/System/Library/PrivateFrameworks/InternalSwiftProtobuf.framework/Versions/A/InternalSwiftProtobuf
0x0000000018280000 	/System/Library/PrivateFrameworks/Espresso.framework/Versions/A/Espresso
0x0000000018280000 	/System/Library/Frameworks/CoreML.framework/Versions/A/CoreML
0x0000000018280000 	/usr/lib/libedit.3.dylib
0x0000000018280000 	/System/Library/PrivateFrameworks/ANECompiler.framework/Versions/A/ANECompiler
0x0000000018280000 	/System/Library/PrivateFrameworks/AppleNeuralEngine.framework/Versions/A/AppleNeuralEngine
0x0000000018280000 	/System/Library/Frameworks/MetalPerformanceShadersGraph.framework/Versions/A/MetalPerformanceShadersGraph
0x0000000018280000 	/System/Library/PrivateFrameworks/MilAneflow.framework/Versions/A/MilAneflow
0x0000000018280000 	/System/Library/PrivateFrameworks/ANEServices.framework/Versions/A/ANEServices
0x0000000018280000 	/usr/lib/libncurses.5.4.dylib
0x0000000018280000 	/System/Library/Frameworks/MLCompute.framework/Versions/A/MLCompute
0x0000000018280000 	/System/Library/Frameworks/CloudKit.framework/Versions/A/CloudKit
0x0000000018280000 	/System/Library/PrivateFrameworks/MLAssetIO.framework/Versions/A/MLAssetIO
0x0000000018280000 	/System/Library/Frameworks/SharedWithYouCore.framework/Versions/A/SharedWithYouCore
0x0000000018280000 	/usr/lib/libBASupport.dylib
0x0000000018280000 	/System/Library/PrivateFrameworks/AppleAccount.framework/Versions/A/AppleAccount
0x0000000018280000 	/System/Library/PrivateFrameworks/ApplePushService.framework/Versions/A/ApplePushService
0x0000000018280000 	/System/Library/PrivateFrameworks/C2.framework/Versions/A/C2
0x0000000018280000 	/System/Library/Frameworks/CoreLocation.framework/Versions/A/CoreLocation
0x0000000018280000 	/System/Library/PrivateFrameworks/CloudKitDistributedSync.framework/Versions/A/CloudKitDistributedSync
0x0000000018280000 	/System/Library/Frameworks/PushKit.framework/Versions/A/PushKit
0x0000000018280000 	/System/Library/Frameworks/CoreTransferable.framework/Versions/A/CoreTransferable
0x0000000018280000 	/usr/lib/swift/libswiftCoreLocation.dylib
0x0000000018280000 	/System/Library/PrivateFrameworks/IDS.framework/Versions/A/IDS
0x0000000018280000 	/System/Library/PrivateFrameworks/AppleIDSSOAuthentication.framework/Versions/A/AppleIDSSOAuthentication
0x0000000018280000 	/System/Library/PrivateFrameworks/IMFoundation.framework/Versions/A/IMFoundation
0x0000000018280000 	/System/Library/PrivateFrameworks/Marco.framework/Versions/A/Marco
0x0000000018280000 	/System/Library/PrivateFrameworks/IDSFoundation.framework/Versions/A/IDSFoundation
0x0000000018280000 	/System/Library/PrivateFrameworks/CommonUtilities.framework/Versions/A/CommonUtilities
0x0000000018280000 	/System/Library/PrivateFrameworks/FTServices.framework/Versions/A/FTServices
0x0000000018280000 	/System/Library/PrivateFrameworks/Engram.framework/Versions/A/Engram
0x0000000018280000 	/usr/lib/libtidy.A.dylib
0x0000000018280000 	/System/Library/PrivateFrameworks/Bom.framework/Versions/A/Bom
0x0000000018280000 	/usr/lib/libParallelCompression.dylib
0x0000000018280000 	/System/Library/PrivateFrameworks/FTAWD.framework/Versions/A/FTAWD
0x0000000018280000 	/System/Library/PrivateFrameworks/GeoServices.framework/Versions/A/GeoServices
0x0000000018280000 	/System/Library/PrivateFrameworks/LocationSupport.framework/Versions/A/LocationSupport
0x0000000018280000 	/System/Library/PrivateFrameworks/GeoServicesCore.framework/Versions/A/GeoServicesCore
0x0000000018280000 	/System/Library/PrivateFrameworks/PhoneNumbers.framework/Versions/A/PhoneNumbers
0x0000000018280000 	/usr/lib/swift/libswiftNetwork.dylib
0x0000000018280000 	/System/Library/PrivateFrameworks/CryptoKitCBridging.framework/Versions/A/CryptoKitCBridging
0x0000000018280000 	/System/Library/Frameworks/CryptoTokenKit.framework/Versions/A/CryptoTokenKit
0x0000000018280000 	/usr/lib/swift/libswiftCryptoTokenKit.dylib
0x0000000018280000 	/System/Library/Frameworks/LocalAuthentication.framework/Versions/A/LocalAuthentication
0x0000000018280000 	/System/Library/Frameworks/LocalAuthentication.framework/Support/SharedUtils.framework/Versions/A/SharedUtils
0x0000000018280000 	/usr/lib/swift/libswiftCoreGraphics.dylib
0x0000000018280000 	/usr/lib/swift/libswiftSwiftOnoneSupport.dylib
0x0000000130457000 	/System/Library/AccessibilityBundles/AXSpeechImplementation.bundle/Versions/A/AXSpeechImplementation
0x0000000018280000 	/usr/lib/libAXSafeCategoryBundle.dylib
0x0000000018280000 	/System/Library/PrivateFrameworks/AccessibilityUtilities.framework/Versions/A/AccessibilityUtilities
0x0000000018280000 	/System/Library/PrivateFrameworks/BluetoothManager.framework/Versions/A/BluetoothManager
0x0000000018280000 	/System/Library/PrivateFrameworks/MobileBluetooth.framework/Versions/A/MobileBluetooth
0x0000000018280000 	/System/Library/PrivateFrameworks/AccessibilitySharedSupport.framework/Versions/A/AccessibilitySharedSupport
0x0000000018280000 	/System/Library/Frameworks/Accessibility.framework/Versions/A/Accessibility
0x0000000018280000 	/System/Library/PrivateFrameworks/ScreenReaderCore.framework/Versions/A/ScreenReaderCore
0x0000000018280000 	/System/Library/PrivateFrameworks/AXRuntime.framework/Versions/A/AXRuntime
0x0000000018280000 	/System/Library/PrivateFrameworks/AssistantServices.framework/Versions/A/AssistantServices
0x0000000018280000 	/usr/lib/libAXSpeechManager.dylib
0x0000000018280000 	/System/Library/PrivateFrameworks/GraphicsServices.framework/Versions/A/GraphicsServices
0x0000000018280000 	/System/Library/PrivateFrameworks/AttributeGraph.framework/Versions/A/AttributeGraph
0x0000000018280000 	/usr/lib/libFDR.dylib
0x0000000018280000 	/usr/lib/libamsupport.dylib
0x0000000018280000 	/System/Library/PrivateFrameworks/ZhuGeSupport.framework/Versions/A/ZhuGeSupport
0x0000000018280000 	/System/Library/PrivateFrameworks/HID.framework/Versions/A/HID
0x0000000018280000 	/System/Library/PrivateFrameworks/MediaRemote.framework/Versions/A/MediaRemote
0x0000000018280000 	/System/Library/PrivateFrameworks/SiriCrossDeviceArbitrationFeedback.framework/Versions/A/SiriCrossDeviceArbitrationFeedback
0x0000000018280000 	/System/Library/PrivateFrameworks/Rapport.framework/Versions/A/Rapport
0x0000000018280000 	/System/Library/PrivateFrameworks/MediaServices.framework/Versions/A/MediaServices
0x0000000018280000 	/System/Library/PrivateFrameworks/PersistentConnection.framework/Versions/A/PersistentConnection
0x000000013041d000 	/System/Library/TTSPlugins/SiriTTSSpeechBundle.speechbundle/Contents/MacOS/SiriTTSSpeechBundle
0x0000000018280000 	/System/Library/PrivateFrameworks/TextToSpeechBundleSupport.framework/Versions/A/TextToSpeechBundleSupport
0x00000001304da000 	/System/Library/TTSPlugins/MauiTTSSpeechBundle.speechbundle/Contents/MacOS/MauiTTSSpeechBundle
0x0000000018280000 	/System/Library/PrivateFrameworks/TextToSpeechMauiSupport.framework/Versions/A/TextToSpeechMauiSupport

VM Arguments:
jvm_args: -XX:+UnlockExperimentalVMOptions -XX:+UseG1GC -XX:G1NewSizePercent=20 -XX:G1ReservePercent=20 -XX:MaxGCPauseMillis=50 -XX:G1HeapRegionSize=32M -XX:+DisableExplicitGC -XX:+AlwaysPreTouch -XX:+ParallelRefProcEnabled -Xms1024M -Xmx1024M -Dfile.encoding=UTF-8 -Dlog4j.configurationFile=/Users/dmiifilin/Library/Application Support/minecraft/assets/log_configs/patched-variant-2.7.xml -Dfml.ignoreInvalidMinecraftCertificates=true -Dfml.ignorePatchDiscrepancies=true -Djava.net.useSystemProxies=true -Djava.library.path=/Users/dmiifilin/Library/Application Support/minecraft/versions/1.12.2/natives -Dminecraft.launcher.brand=java-minecraft-launcher -Dminecraft.launcher.version=1.6.84-j -Dminecraft.client.jar=/Users/dmiifilin/Library/Application Support/minecraft/versions/1.12.2/1.12.2.jar 
java_command: net.minecraft.client.main.Main --username Spoiled --version 1.12.2 --gameDir /Users/dmiifilin/Library/Application Support/minecraft --assetsDir /Users/dmiifilin/Library/Application Support/minecraft/assets --assetIndex 1.12 --uuid 0d7e7e111fff3d699fe4a97d75108a93 --accessToken 0d7e7e111fff3d699fe4a97d75108a93 --userType legacy --versionType release --width 925 --height 530
java_class_path (initial): /Users/dmiifilin/Library/Application Support/minecraft/libraries/com/turikhay/ca-fixer/1.0/ca-fixer-1.0.jar:/Users/dmiifilin/Library/Application Support/minecraft/libraries/ru/tlauncher/patchy/1.0.0/patchy-1.0.0.jar:/Users/dmiifilin/Library/Application Support/minecraft/libraries/oshi-project/oshi-core/1.1/oshi-core-1.1.jar:/Users/dmiifilin/Library/Application Support/minecraft/libraries/net/java/dev/jna/jna/4.4.0/jna-4.4.0.jar:/Users/dmiifilin/Library/Application Support/minecraft/libraries/net/java/dev/jna/platform/3.4.0/platform-3.4.0.jar:/Users/dmiifilin/Library/Application Support/minecraft/libraries/com/ibm/icu/icu4j-core-mojang/51.2/icu4j-core-mojang-51.2.jar:/Users/dmiifilin/Library/Application Support/minecraft/libraries/net/sf/jopt-simple/jopt-simple/5.0.3/jopt-simple-5.0.3.jar:/Users/dmiifilin/Library/Application Support/minecraft/libraries/com/paulscode/codecjorbis/20101023/codecjorbis-20101023.jar:/Users/dmiifilin/Library/Application Support/minecraft/libraries/com/paulscode/codecwav/20101023/codecwav-20101023.jar:/Users/dmiifilin/Library/Application Support/minecraft/libraries/com/paulscode/libraryjavasound/20101123/libraryjavasound-20101123.jar:/Users/dmiifilin/Library/Application Support/minecraft/libraries/com/paulscode/librarylwjglopenal/20100824/librarylwjglopenal-20100824.jar:/Users/dmiifilin/Library/Application Support/minecraft/libraries/com/paulscode/soundsystem/20120107/soundsystem-20120107.jar:/Users/dmiifilin/Library/Application Support/minecraft/libraries/io/netty/netty-all/4.1.9.Final/netty-all-4.1.9.Final.jar:/Users/dmiifilin/Library/Application Support/minecraft/libraries/com/google/guava/guava/21.0/guava-21.0.jar:/Users/dmiifilin/Library/Application Support/minecraft/libraries/org/apache/commons/commons-lang3/3.5/commons-lang3-3.5.jar:/Users/dmiifilin/Library/Application Support/minecraft/libraries/commons-io/commons-io/2.5/commons-io-2.5.jar:/Users/dmiifilin/Library/Application Support/minecraft/libraries/
Launcher Type: SUN_STANDARD

Environment Variables:
_JAVA_OPTIONS=
PATH=/usr/bin:/bin:/usr/sbin:/sbin
SHELL=/bin/zsh
DYLD_LIBRARY_PATH=:/Applications/TL Legacy.app/Contents/app

Signal Handlers:
SIGSEGV: [libjvm.dylib+0x5a6855], sa_mask[0]=11111111111111111111111111111111, sa_flags=SA_ONSTACK|SA_RESTART|SA_SIGINFO
SIGBUS: [libjvm.dylib+0x5a6855], sa_mask[0]=11111111111111111111111111111111, sa_flags=SA_RESTART|SA_SIGINFO
SIGFPE: [libjvm.dylib+0x4804ec], sa_mask[0]=11111111111111111111111111111111, sa_flags=SA_RESTART|SA_SIGINFO
SIGPIPE: [libjvm.dylib+0x4804ec], sa_mask[0]=11111111111111111111111111111111, sa_flags=SA_RESTART|SA_SIGINFO
SIGXFSZ: [libjvm.dylib+0x4804ec], sa_mask[0]=11111111111111111111111111111111, sa_flags=SA_RESTART|SA_SIGINFO
SIGILL: [libjvm.dylib+0x4804ec], sa_mask[0]=11111111111111111111111111111111, sa_flags=SA_RESTART|SA_SIGINFO
SIGUSR1: SIG_DFL, sa_mask[0]=00000000000000000000000000000000, sa_flags=none
SIGUSR2: [libjvm.dylib+0x48000a], sa_mask[0]=00100000000000000000000000000000, sa_flags=SA_RESTART|SA_SIGINFO
SIGHUP: [libjvm.dylib+0x47e5e1], sa_mask[0]=11111111111111111111111111111111, sa_flags=SA_RESTART|SA_SIGINFO
SIGINT: [libjvm.dylib+0x47e5e1], sa_mask[0]=11111111111111111111111111111111, sa_flags=SA_RESTART|SA_SIGINFO
SIGTERM: [libjvm.dylib+0x47e5e1], sa_mask[0]=11111111111111111111111111111111, sa_flags=SA_RESTART|SA_SIGINFO
SIGQUIT: [libjvm.dylib+0x47e5e1], sa_mask[0]=11111111111111111111111111111111, sa_flags=SA_RESTART|SA_SIGINFO


---------------  S Y S T E M  ---------------

OS:Bsduname:Darwin 22.4.0 Darwin Kernel Version 22.4.0: Mon Mar  6 20:59:28 PST 2023; root:xnu-8796.101.5~3/RELEASE_ARM64_T6000 x86_64
rlimit: STACK 8176k, CORE 0k, NPROC 2666, NOFILE 10240, AS infinity
load average:3.22 4.15 3.70

CPU:total 8 (1 cores per cpu, 1 threads per core) family 6 model 44 stepping 0, cmov, cx8, fxsr, mmx, sse, sse2, sse3, ssse3, sse4.1, sse4.2, popcnt, aes, clmul, tsc, tscinvbit, tscinv

Memory: 4k page, physical 16777216k(43452k free)

/proc/meminfo:


vm_info: Java HotSpot(TM) 64-Bit Server VM (25.74-b02) for bsd-amd64 JRE (1.8.0_74-b02), built on Jan 29 2016 15:32:34 by "java_re" with gcc 4.2.1 (Based on Apple Inc. build 5658) (LLVM build 2336.11.00)

time: Fri May 26 12:47:25 2023
elapsed time: 140 seconds (0d 0h 2m 20s)

