
-------------------------------------------------------------------
[Downloader2] Loaded configuration: normal
[Downloader2] Files in queue 9
[Downloader2] Starting download 9 files...
[D#2] >  done http://res.tlauncher.org/b/libraries/javax/inject/javax.inject/1/javax.inject-1.jar 
[D#2] >  done http://res.tlauncher.org/b/libraries/aopalliance/aopalliance/1.0/aopalliance-1.0.jar 
[D#2] >  done http://res.tlauncher.org/b/libraries/org/tlauncher/picture-bundle/3.7/picture-bundle-3.7.jar 
[D#2] >  done http://res.tlauncher.org/b/libraries/dnsjava/dnsjava/2.1.8/dnsjava-2.1.8.jar 
java.io.IOException: Cannot createScrollWrapper file, or it was created during runtime: /Users/dmiifilin/Library/Application Support/tlauncher/jvms/jre1.8.0_321.jre_temp/bin/javaws
at org.tlauncher.util.FileUtil.createFile(FileUtil.java:329)
at org.tlauncher.util.FileUtil.unZipAndTarGz(FileUtil.java:375)
at org.tlauncher.util.FileUtil.unZip(FileUtil.java:362)
at org.tlauncher.tlauncher.updater.bootstrapper.PreparedEnvironmentComponentImpl.unpack(PreparedEnvironmentComponentImpl.java:164)
at org.tlauncher.tlauncher.updater.bootstrapper.PreparedEnvironmentComponentImpl.access$100(PreparedEnvironmentComponentImpl.java:36)
at org.tlauncher.tlauncher.updater.bootstrapper.PreparedEnvironmentComponentImpl$1.onComplete(PreparedEnvironmentComponentImpl.java:104)
at org.tlauncher.tlauncher.downloader.DownloadableContainer.onComplete(DownloadableContainer.java:151)
at org.tlauncher.tlauncher.downloader.Downloadable.onComplete(Downloadable.java:181)
at org.tlauncher.tlauncher.downloader.DownloaderThread.onComplete(DownloaderThread.java:252)
at org.tlauncher.tlauncher.downloader.DownloaderThread.downloadURL(DownloaderThread.java:239)
... and 2 more
Thread called by: org.tlauncher.util.async.ExtendedThread$ExtendedThreadCaller
at org.tlauncher.util.async.ExtendedThread.<init>(ExtendedThread.java:17)
at org.tlauncher.tlauncher.downloader.DownloaderThread.<init>(DownloaderThread.java:43)
at org.tlauncher.tlauncher.downloader.Downloader.sortOut(Downloader.java:304)
at org.tlauncher.tlauncher.downloader.Downloader.run(Downloader.java:255)

[D#1] >  Failed to download from:  http://res.tlauncher.org/b/client/jre/mac/jre1.8.0_321.jre.zip
org.tlauncher.tlauncher.downloader.RetryDownloadException: cannot unpack archive
at org.tlauncher.tlauncher.updater.bootstrapper.PreparedEnvironmentComponentImpl$1.onComplete(PreparedEnvironmentComponentImpl.java:122)
at org.tlauncher.tlauncher.downloader.DownloadableContainer.onComplete(DownloadableContainer.java:151)
at org.tlauncher.tlauncher.downloader.Downloadable.onComplete(Downloadable.java:181)
at org.tlauncher.tlauncher.downloader.DownloaderThread.onComplete(DownloaderThread.java:252)
at org.tlauncher.tlauncher.downloader.DownloaderThread.downloadURL(DownloaderThread.java:239)
at org.tlauncher.tlauncher.downloader.DownloaderThread.download(DownloaderThread.java:150)
at org.tlauncher.tlauncher.downloader.DownloaderThread.run(DownloaderThread.java:92)
Caused by: java.io.IOException: Cannot createScrollWrapper file, or it was created during runtime: /Users/dmiifilin/Library/Application Support/tlauncher/jvms/jre1.8.0_321.jre_temp/bin/javaws
at org.tlauncher.util.FileUtil.createFile(FileUtil.java:329)
at org.tlauncher.util.FileUtil.unZipAndTarGz(FileUtil.java:375)
at org.tlauncher.util.FileUtil.unZip(FileUtil.java:362)
at org.tlauncher.tlauncher.updater.bootstrapper.PreparedEnvironmentComponentImpl.unpack(PreparedEnvironmentComponentImpl.java:164)
at org.tlauncher.tlauncher.updater.bootstrapper.PreparedEnvironmentComponentImpl.access$100(PreparedEnvironmentComponentImpl.java:36)
at org.tlauncher.tlauncher.updater.bootstrapper.PreparedEnvironmentComponentImpl$1.onComplete(PreparedEnvironmentComponentImpl.java:104)
at org.tlauncher.tlauncher.downloader.DownloadableContainer.onComplete(DownloadableContainer.java:151)
at org.tlauncher.tlauncher.downloader.Downloadable.onComplete(Downloadable.java:181)
at org.tlauncher.tlauncher.downloader.DownloaderThread.onComplete(DownloaderThread.java:252)
at org.tlauncher.tlauncher.downloader.DownloaderThread.downloadURL(DownloaderThread.java:239)
... and 2 more
Thread called by: org.tlauncher.util.async.ExtendedThread$ExtendedThreadCaller
at org.tlauncher.util.async.ExtendedThread.<init>(ExtendedThread.java:17)
at org.tlauncher.tlauncher.downloader.DownloaderThread.<init>(DownloaderThread.java:43)
at org.tlauncher.tlauncher.downloader.Downloader.sortOut(Downloader.java:304)
at org.tlauncher.tlauncher.downloader.Downloader.run(Downloader.java:255)

java.io.IOException: Cannot createScrollWrapper file, or it was created during runtime: /Users/dmiifilin/Library/Application Support/tlauncher/jvms/jre1.8.0_321.jre_temp/bin/javaws
at org.tlauncher.util.FileUtil.createFile(FileUtil.java:329)
at org.tlauncher.util.FileUtil.unZipAndTarGz(FileUtil.java:375)
at org.tlauncher.util.FileUtil.unZip(FileUtil.java:362)
at org.tlauncher.tlauncher.updater.bootstrapper.PreparedEnvironmentComponentImpl.unpack(PreparedEnvironmentComponentImpl.java:164)
at org.tlauncher.tlauncher.updater.bootstrapper.PreparedEnvironmentComponentImpl.access$100(PreparedEnvironmentComponentImpl.java:36)
at org.tlauncher.tlauncher.updater.bootstrapper.PreparedEnvironmentComponentImpl$1.onComplete(PreparedEnvironmentComponentImpl.java:104)
at org.tlauncher.tlauncher.downloader.DownloadableContainer.onComplete(DownloadableContainer.java:151)
at org.tlauncher.tlauncher.downloader.Downloadable.onComplete(Downloadable.java:181)
at org.tlauncher.tlauncher.downloader.DownloaderThread.onComplete(DownloaderThread.java:252)
at org.tlauncher.tlauncher.downloader.DownloaderThread.downloadURL(DownloaderThread.java:239)
... and 2 more
Thread called by: org.tlauncher.util.async.ExtendedThread$ExtendedThreadCaller
at org.tlauncher.util.async.ExtendedThread.<init>(ExtendedThread.java:17)
at org.tlauncher.tlauncher.downloader.DownloaderThread.<init>(DownloaderThread.java:43)
at org.tlauncher.tlauncher.downloader.Downloader.sortOut(Downloader.java:304)
at org.tlauncher.tlauncher.downloader.Downloader.run(Downloader.java:255)

[D#1] >  Failed to download from:  http://res.tlauncher.org/unb/client/jre/mac/jre1.8.0_321.jre.zip
org.tlauncher.tlauncher.downloader.RetryDownloadException: cannot unpack archive
at org.tlauncher.tlauncher.updater.bootstrapper.PreparedEnvironmentComponentImpl$1.onComplete(PreparedEnvironmentComponentImpl.java:122)
at org.tlauncher.tlauncher.downloader.DownloadableContainer.onComplete(DownloadableContainer.java:151)
at org.tlauncher.tlauncher.downloader.Downloadable.onComplete(Downloadable.java:181)
at org.tlauncher.tlauncher.downloader.DownloaderThread.onComplete(DownloaderThread.java:252)
at org.tlauncher.tlauncher.downloader.DownloaderThread.downloadURL(DownloaderThread.java:239)
at org.tlauncher.tlauncher.downloader.DownloaderThread.download(DownloaderThread.java:150)
at org.tlauncher.tlauncher.downloader.DownloaderThread.run(DownloaderThread.java:92)
Caused by: java.io.IOException: Cannot createScrollWrapper file, or it was created during runtime: /Users/dmiifilin/Library/Application Support/tlauncher/jvms/jre1.8.0_321.jre_temp/bin/javaws
at org.tlauncher.util.FileUtil.createFile(FileUtil.java:329)
at org.tlauncher.util.FileUtil.unZipAndTarGz(FileUtil.java:375)
at org.tlauncher.util.FileUtil.unZip(FileUtil.java:362)
at org.tlauncher.tlauncher.updater.bootstrapper.PreparedEnvironmentComponentImpl.unpack(PreparedEnvironmentComponentImpl.java:164)
at org.tlauncher.tlauncher.updater.bootstrapper.PreparedEnvironmentComponentImpl.access$100(PreparedEnvironmentComponentImpl.java:36)
at org.tlauncher.tlauncher.updater.bootstrapper.PreparedEnvironmentComponentImpl$1.onComplete(PreparedEnvironmentComponentImpl.java:104)
at org.tlauncher.tlauncher.downloader.DownloadableContainer.onComplete(DownloadableContainer.java:151)
at org.tlauncher.tlauncher.downloader.Downloadable.onComplete(Downloadable.java:181)
at org.tlauncher.tlauncher.downloader.DownloaderThread.onComplete(DownloaderThread.java:252)
at org.tlauncher.tlauncher.downloader.DownloaderThread.downloadURL(DownloaderThread.java:239)
... and 2 more
Thread called by: org.tlauncher.util.async.ExtendedThread$ExtendedThreadCaller
at org.tlauncher.util.async.ExtendedThread.<init>(ExtendedThread.java:17)
at org.tlauncher.tlauncher.downloader.DownloaderThread.<init>(DownloaderThread.java:43)
at org.tlauncher.tlauncher.downloader.Downloader.sortOut(Downloader.java:304)
at org.tlauncher.tlauncher.downloader.Downloader.run(Downloader.java:255)

java.io.IOException: Cannot createScrollWrapper file, or it was created during runtime: /Users/dmiifilin/Library/Application Support/tlauncher/jvms/jre1.8.0_321.jre_temp/bin/javaws
at org.tlauncher.util.FileUtil.createFile(FileUtil.java:329)
at org.tlauncher.util.FileUtil.unZipAndTarGz(FileUtil.java:375)
at org.tlauncher.util.FileUtil.unZip(FileUtil.java:362)
at org.tlauncher.tlauncher.updater.bootstrapper.PreparedEnvironmentComponentImpl.unpack(PreparedEnvironmentComponentImpl.java:164)
at org.tlauncher.tlauncher.updater.bootstrapper.PreparedEnvironmentComponentImpl.access$100(PreparedEnvironmentComponentImpl.java:36)
at org.tlauncher.tlauncher.updater.bootstrapper.PreparedEnvironmentComponentImpl$1.onComplete(PreparedEnvironmentComponentImpl.java:104)
at org.tlauncher.tlauncher.downloader.DownloadableContainer.onComplete(DownloadableContainer.java:151)
at org.tlauncher.tlauncher.downloader.Downloadable.onComplete(Downloadable.java:181)
at org.tlauncher.tlauncher.downloader.DownloaderThread.onComplete(DownloaderThread.java:252)
at org.tlauncher.tlauncher.downloader.DownloaderThread.downloadURL(DownloaderThread.java:239)
... and 2 more
Thread called by: org.tlauncher.util.async.ExtendedThread$ExtendedThreadCaller
at org.tlauncher.util.async.ExtendedThread.<init>(ExtendedThread.java:17)
at org.tlauncher.tlauncher.downloader.DownloaderThread.<init>(DownloaderThread.java:43)
at org.tlauncher.tlauncher.downloader.Downloader.sortOut(Downloader.java:304)
at org.tlauncher.tlauncher.downloader.Downloader.run(Downloader.java:255)

[D#1] >  Failed to download from:  https://securerepository.net/update/downloads/jre/mac/jre1.8.0_321.jre.zip
org.tlauncher.tlauncher.downloader.RetryDownloadException: cannot unpack archive
at org.tlauncher.tlauncher.updater.bootstrapper.PreparedEnvironmentComponentImpl$1.onComplete(PreparedEnvironmentComponentImpl.java:122)
at org.tlauncher.tlauncher.downloader.DownloadableContainer.onComplete(DownloadableContainer.java:151)
at org.tlauncher.tlauncher.downloader.Downloadable.onComplete(Downloadable.java:181)
at org.tlauncher.tlauncher.downloader.DownloaderThread.onComplete(DownloaderThread.java:252)
at org.tlauncher.tlauncher.downloader.DownloaderThread.downloadURL(DownloaderThread.java:239)
at org.tlauncher.tlauncher.downloader.DownloaderThread.download(DownloaderThread.java:150)
at org.tlauncher.tlauncher.downloader.DownloaderThread.run(DownloaderThread.java:92)
Caused by: java.io.IOException: Cannot createScrollWrapper file, or it was created during runtime: /Users/dmiifilin/Library/Application Support/tlauncher/jvms/jre1.8.0_321.jre_temp/bin/javaws
at org.tlauncher.util.FileUtil.createFile(FileUtil.java:329)
at org.tlauncher.util.FileUtil.unZipAndTarGz(FileUtil.java:375)
at org.tlauncher.util.FileUtil.unZip(FileUtil.java:362)
at org.tlauncher.tlauncher.updater.bootstrapper.PreparedEnvironmentComponentImpl.unpack(PreparedEnvironmentComponentImpl.java:164)
at org.tlauncher.tlauncher.updater.bootstrapper.PreparedEnvironmentComponentImpl.access$100(PreparedEnvironmentComponentImpl.java:36)
at org.tlauncher.tlauncher.updater.bootstrapper.PreparedEnvironmentComponentImpl$1.onComplete(PreparedEnvironmentComponentImpl.java:104)
at org.tlauncher.tlauncher.downloader.DownloadableContainer.onComplete(DownloadableContainer.java:151)
at org.tlauncher.tlauncher.downloader.Downloadable.onComplete(Downloadable.java:181)
at org.tlauncher.tlauncher.downloader.DownloaderThread.onComplete(DownloaderThread.java:252)
at org.tlauncher.tlauncher.downloader.DownloaderThread.downloadURL(DownloaderThread.java:239)
... and 2 more
Thread called by: org.tlauncher.util.async.ExtendedThread$ExtendedThreadCaller
at org.tlauncher.util.async.ExtendedThread.<init>(ExtendedThread.java:17)
at org.tlauncher.tlauncher.downloader.DownloaderThread.<init>(DownloaderThread.java:43)
at org.tlauncher.tlauncher.downloader.Downloader.sortOut(Downloader.java:304)
at org.tlauncher.tlauncher.downloader.Downloader.run(Downloader.java:255)

[D#1] >  File is not reachable at all. 
java.io.IOException: Cannot createScrollWrapper file, or it was created during runtime: /Users/dmiifilin/Library/Application Support/tlauncher/jvms/jre1.8.0_321.jre_temp/bin/javaws
at org.tlauncher.util.FileUtil.createFile(FileUtil.java:329)
at org.tlauncher.util.FileUtil.unZipAndTarGz(FileUtil.java:375)
at org.tlauncher.util.FileUtil.unZip(FileUtil.java:362)
at org.tlauncher.tlauncher.updater.bootstrapper.PreparedEnvironmentComponentImpl.unpack(PreparedEnvironmentComponentImpl.java:164)
at org.tlauncher.tlauncher.updater.bootstrapper.PreparedEnvironmentComponentImpl.access$100(PreparedEnvironmentComponentImpl.java:36)
at org.tlauncher.tlauncher.updater.bootstrapper.PreparedEnvironmentComponentImpl$1.onComplete(PreparedEnvironmentComponentImpl.java:104)
at org.tlauncher.tlauncher.downloader.DownloadableContainer.onComplete(DownloadableContainer.java:151)
at org.tlauncher.tlauncher.downloader.Downloadable.onComplete(Downloadable.java:181)
at org.tlauncher.tlauncher.downloader.DownloaderThread.onComplete(DownloaderThread.java:252)
at org.tlauncher.tlauncher.downloader.DownloaderThread.downloadURL(DownloaderThread.java:239)
... and 2 more
Thread called by: org.tlauncher.util.async.ExtendedThread$ExtendedThreadCaller
at org.tlauncher.util.async.ExtendedThread.<init>(ExtendedThread.java:17)
at org.tlauncher.tlauncher.downloader.DownloaderThread.<init>(DownloaderThread.java:43)
at org.tlauncher.tlauncher.downloader.Downloader.sortOut(Downloader.java:304)
at org.tlauncher.tlauncher.downloader.Downloader.run(Downloader.java:255)

[D#1] >  Failed to download from:  http://res.tlauncher.org/b/client/jre/mac/jre1.8.0_321.jre.zip
org.tlauncher.tlauncher.downloader.RetryDownloadException: cannot unpack archive
at org.tlauncher.tlauncher.updater.bootstrapper.PreparedEnvironmentComponentImpl$1.onComplete(PreparedEnvironmentComponentImpl.java:122)
at org.tlauncher.tlauncher.downloader.DownloadableContainer.onComplete(DownloadableContainer.java:151)
at org.tlauncher.tlauncher.downloader.Downloadable.onComplete(Downloadable.java:181)
at org.tlauncher.tlauncher.downloader.DownloaderThread.onComplete(DownloaderThread.java:252)
at org.tlauncher.tlauncher.downloader.DownloaderThread.downloadURL(DownloaderThread.java:239)
at org.tlauncher.tlauncher.downloader.DownloaderThread.download(DownloaderThread.java:150)
at org.tlauncher.tlauncher.downloader.DownloaderThread.run(DownloaderThread.java:92)
Caused by: java.io.IOException: Cannot createScrollWrapper file, or it was created during runtime: /Users/dmiifilin/Library/Application Support/tlauncher/jvms/jre1.8.0_321.jre_temp/bin/javaws
at org.tlauncher.util.FileUtil.createFile(FileUtil.java:329)
at org.tlauncher.util.FileUtil.unZipAndTarGz(FileUtil.java:375)
at org.tlauncher.util.FileUtil.unZip(FileUtil.java:362)
at org.tlauncher.tlauncher.updater.bootstrapper.PreparedEnvironmentComponentImpl.unpack(PreparedEnvironmentComponentImpl.java:164)
at org.tlauncher.tlauncher.updater.bootstrapper.PreparedEnvironmentComponentImpl.access$100(PreparedEnvironmentComponentImpl.java:36)
at org.tlauncher.tlauncher.updater.bootstrapper.PreparedEnvironmentComponentImpl$1.onComplete(PreparedEnvironmentComponentImpl.java:104)
at org.tlauncher.tlauncher.downloader.DownloadableContainer.onComplete(DownloadableContainer.java:151)
at org.tlauncher.tlauncher.downloader.Downloadable.onComplete(Downloadable.java:181)
at org.tlauncher.tlauncher.downloader.DownloaderThread.onComplete(DownloaderThread.java:252)
at org.tlauncher.tlauncher.downloader.DownloaderThread.downloadURL(DownloaderThread.java:239)
... and 2 more
Thread called by: org.tlauncher.util.async.ExtendedThread$ExtendedThreadCaller
at org.tlauncher.util.async.ExtendedThread.<init>(ExtendedThread.java:17)
at org.tlauncher.tlauncher.downloader.DownloaderThread.<init>(DownloaderThread.java:43)
at org.tlauncher.tlauncher.downloader.Downloader.sortOut(Downloader.java:304)
at org.tlauncher.tlauncher.downloader.Downloader.run(Downloader.java:255)

java.io.IOException: Cannot createScrollWrapper file, or it was created during runtime: /Users/dmiifilin/Library/Application Support/tlauncher/jvms/jre1.8.0_321.jre_temp/bin/javaws
at org.tlauncher.util.FileUtil.createFile(FileUtil.java:329)
at org.tlauncher.util.FileUtil.unZipAndTarGz(FileUtil.java:375)
at org.tlauncher.util.FileUtil.unZip(FileUtil.java:362)
at org.tlauncher.tlauncher.updater.bootstrapper.PreparedEnvironmentComponentImpl.unpack(PreparedEnvironmentComponentImpl.java:164)
at org.tlauncher.tlauncher.updater.bootstrapper.PreparedEnvironmentComponentImpl.access$100(PreparedEnvironmentComponentImpl.java:36)
at org.tlauncher.tlauncher.updater.bootstrapper.PreparedEnvironmentComponentImpl$1.onComplete(PreparedEnvironmentComponentImpl.java:104)
at org.tlauncher.tlauncher.downloader.DownloadableContainer.onComplete(DownloadableContainer.java:151)
at org.tlauncher.tlauncher.downloader.Downloadable.onComplete(Downloadable.java:181)
at org.tlauncher.tlauncher.downloader.DownloaderThread.onComplete(DownloaderThread.java:252)
at org.tlauncher.tlauncher.downloader.DownloaderThread.downloadURL(DownloaderThread.java:239)
... and 2 more
Thread called by: org.tlauncher.util.async.ExtendedThread$ExtendedThreadCaller
at org.tlauncher.util.async.ExtendedThread.<init>(ExtendedThread.java:17)
at org.tlauncher.tlauncher.downloader.DownloaderThread.<init>(DownloaderThread.java:43)
at org.tlauncher.tlauncher.downloader.Downloader.sortOut(Downloader.java:304)
at org.tlauncher.tlauncher.downloader.Downloader.run(Downloader.java:255)

[D#1] >  Failed to download from:  http://res.tlauncher.org/unb/client/jre/mac/jre1.8.0_321.jre.zip
org.tlauncher.tlauncher.downloader.RetryDownloadException: cannot unpack archive
at org.tlauncher.tlauncher.updater.bootstrapper.PreparedEnvironmentComponentImpl$1.onComplete(PreparedEnvironmentComponentImpl.java:122)
at org.tlauncher.tlauncher.downloader.DownloadableContainer.onComplete(DownloadableContainer.java:151)
at org.tlauncher.tlauncher.downloader.Downloadable.onComplete(Downloadable.java:181)
at org.tlauncher.tlauncher.downloader.DownloaderThread.onComplete(DownloaderThread.java:252)
at org.tlauncher.tlauncher.downloader.DownloaderThread.downloadURL(DownloaderThread.java:239)
at org.tlauncher.tlauncher.downloader.DownloaderThread.download(DownloaderThread.java:150)
at org.tlauncher.tlauncher.downloader.DownloaderThread.run(DownloaderThread.java:92)
Caused by: java.io.IOException: Cannot createScrollWrapper file, or it was created during runtime: /Users/dmiifilin/Library/Application Support/tlauncher/jvms/jre1.8.0_321.jre_temp/bin/javaws
at org.tlauncher.util.FileUtil.createFile(FileUtil.java:329)
at org.tlauncher.util.FileUtil.unZipAndTarGz(FileUtil.java:375)
at org.tlauncher.util.FileUtil.unZip(FileUtil.java:362)
at org.tlauncher.tlauncher.updater.bootstrapper.PreparedEnvironmentComponentImpl.unpack(PreparedEnvironmentComponentImpl.java:164)
at org.tlauncher.tlauncher.updater.bootstrapper.PreparedEnvironmentComponentImpl.access$100(PreparedEnvironmentComponentImpl.java:36)
at org.tlauncher.tlauncher.updater.bootstrapper.PreparedEnvironmentComponentImpl$1.onComplete(PreparedEnvironmentComponentImpl.java:104)
at org.tlauncher.tlauncher.downloader.DownloadableContainer.onComplete(DownloadableContainer.java:151)
at org.tlauncher.tlauncher.downloader.Downloadable.onComplete(Downloadable.java:181)
at org.tlauncher.tlauncher.downloader.DownloaderThread.onComplete(DownloaderThread.java:252)
at org.tlauncher.tlauncher.downloader.DownloaderThread.downloadURL(DownloaderThread.java:239)
... and 2 more
Thread called by: org.tlauncher.util.async.ExtendedThread$ExtendedThreadCaller
at org.tlauncher.util.async.ExtendedThread.<init>(ExtendedThread.java:17)
at org.tlauncher.tlauncher.downloader.DownloaderThread.<init>(DownloaderThread.java:43)
at org.tlauncher.tlauncher.downloader.Downloader.sortOut(Downloader.java:304)
at org.tlauncher.tlauncher.downloader.Downloader.run(Downloader.java:255)

java.io.IOException: Cannot createScrollWrapper file, or it was created during runtime: /Users/dmiifilin/Library/Application Support/tlauncher/jvms/jre1.8.0_321.jre_temp/bin/javaws
at org.tlauncher.util.FileUtil.createFile(FileUtil.java:329)
at org.tlauncher.util.FileUtil.unZipAndTarGz(FileUtil.java:375)
at org.tlauncher.util.FileUtil.unZip(FileUtil.java:362)
at org.tlauncher.tlauncher.updater.bootstrapper.PreparedEnvironmentComponentImpl.unpack(PreparedEnvironmentComponentImpl.java:164)
at org.tlauncher.tlauncher.updater.bootstrapper.PreparedEnvironmentComponentImpl.access$100(PreparedEnvironmentComponentImpl.java:36)
at org.tlauncher.tlauncher.updater.bootstrapper.PreparedEnvironmentComponentImpl$1.onComplete(PreparedEnvironmentComponentImpl.java:104)
at org.tlauncher.tlauncher.downloader.DownloadableContainer.onComplete(DownloadableContainer.java:151)
at org.tlauncher.tlauncher.downloader.Downloadable.onComplete(Downloadable.java:181)
at org.tlauncher.tlauncher.downloader.DownloaderThread.onComplete(DownloaderThread.java:252)
at org.tlauncher.tlauncher.downloader.DownloaderThread.downloadURL(DownloaderThread.java:239)
... and 2 more
Thread called by: org.tlauncher.util.async.ExtendedThread$ExtendedThreadCaller
at org.tlauncher.util.async.ExtendedThread.<init>(ExtendedThread.java:17)
at org.tlauncher.tlauncher.downloader.DownloaderThread.<init>(DownloaderThread.java:43)
at org.tlauncher.tlauncher.downloader.Downloader.sortOut(Downloader.java:304)
at org.tlauncher.tlauncher.downloader.Downloader.run(Downloader.java:255)

[D#1] >  Failed to download from:  https://securerepository.net/update/downloads/jre/mac/jre1.8.0_321.jre.zip
org.tlauncher.tlauncher.downloader.RetryDownloadException: cannot unpack archive
at org.tlauncher.tlauncher.updater.bootstrapper.PreparedEnvironmentComponentImpl$1.onComplete(PreparedEnvironmentComponentImpl.java:122)
at org.tlauncher.tlauncher.downloader.DownloadableContainer.onComplete(DownloadableContainer.java:151)
at org.tlauncher.tlauncher.downloader.Downloadable.onComplete(Downloadable.java:181)
at org.tlauncher.tlauncher.downloader.DownloaderThread.onComplete(DownloaderThread.java:252)
at org.tlauncher.tlauncher.downloader.DownloaderThread.downloadURL(DownloaderThread.java:239)
at org.tlauncher.tlauncher.downloader.DownloaderThread.download(DownloaderThread.java:150)
at org.tlauncher.tlauncher.downloader.DownloaderThread.run(DownloaderThread.java:92)
Caused by: java.io.IOException: Cannot createScrollWrapper file, or it was created during runtime: /Users/dmiifilin/Library/Application Support/tlauncher/jvms/jre1.8.0_321.jre_temp/bin/javaws
at org.tlauncher.util.FileUtil.createFile(FileUtil.java:329)
at org.tlauncher.util.FileUtil.unZipAndTarGz(FileUtil.java:375)
at org.tlauncher.util.FileUtil.unZip(FileUtil.java:362)
at org.tlauncher.tlauncher.updater.bootstrapper.PreparedEnvironmentComponentImpl.unpack(PreparedEnvironmentComponentImpl.java:164)
at org.tlauncher.tlauncher.updater.bootstrapper.PreparedEnvironmentComponentImpl.access$100(PreparedEnvironmentComponentImpl.java:36)
at org.tlauncher.tlauncher.updater.bootstrapper.PreparedEnvironmentComponentImpl$1.onComplete(PreparedEnvironmentComponentImpl.java:104)
at org.tlauncher.tlauncher.downloader.DownloadableContainer.onComplete(DownloadableContainer.java:151)
at org.tlauncher.tlauncher.downloader.Downloadable.onComplete(Downloadable.java:181)
at org.tlauncher.tlauncher.downloader.DownloaderThread.onComplete(DownloaderThread.java:252)
at org.tlauncher.tlauncher.downloader.DownloaderThread.downloadURL(DownloaderThread.java:239)
... and 2 more
Thread called by: org.tlauncher.util.async.ExtendedThread$ExtendedThreadCaller
at org.tlauncher.util.async.ExtendedThread.<init>(ExtendedThread.java:17)
at org.tlauncher.tlauncher.downloader.DownloaderThread.<init>(DownloaderThread.java:43)
at org.tlauncher.tlauncher.downloader.Downloader.sortOut(Downloader.java:304)
at org.tlauncher.tlauncher.downloader.Downloader.run(Downloader.java:255)

[D#1] >  File is not reachable at all. 
java.io.IOException: Cannot createScrollWrapper file, or it was created during runtime: /Users/dmiifilin/Library/Application Support/tlauncher/jvms/jre1.8.0_321.jre_temp/bin/javaws
at org.tlauncher.util.FileUtil.createFile(FileUtil.java:329)
at org.tlauncher.util.FileUtil.unZipAndTarGz(FileUtil.java:375)
at org.tlauncher.util.FileUtil.unZip(FileUtil.java:362)
at org.tlauncher.tlauncher.updater.bootstrapper.PreparedEnvironmentComponentImpl.unpack(PreparedEnvironmentComponentImpl.java:164)
at org.tlauncher.tlauncher.updater.bootstrapper.PreparedEnvironmentComponentImpl.access$100(PreparedEnvironmentComponentImpl.java:36)
at org.tlauncher.tlauncher.updater.bootstrapper.PreparedEnvironmentComponentImpl$1.onComplete(PreparedEnvironmentComponentImpl.java:104)
at org.tlauncher.tlauncher.downloader.DownloadableContainer.onComplete(DownloadableContainer.java:151)
at org.tlauncher.tlauncher.downloader.Downloadable.onComplete(Downloadable.java:181)
at org.tlauncher.tlauncher.downloader.DownloaderThread.onComplete(DownloaderThread.java:252)
at org.tlauncher.tlauncher.downloader.DownloaderThread.downloadURL(DownloaderThread.java:239)
... and 2 more
Thread called by: org.tlauncher.util.async.ExtendedThread$ExtendedThreadCaller
at org.tlauncher.util.async.ExtendedThread.<init>(ExtendedThread.java:17)
at org.tlauncher.tlauncher.downloader.DownloaderThread.<init>(DownloaderThread.java:43)
at org.tlauncher.tlauncher.downloader.Downloader.sortOut(Downloader.java:304)
at org.tlauncher.tlauncher.downloader.Downloader.run(Downloader.java:255)

[D#1] >  Failed to download from:  http://res.tlauncher.org/b/client/jre/mac/jre1.8.0_321.jre.zip
org.tlauncher.tlauncher.downloader.RetryDownloadException: cannot unpack archive
at org.tlauncher.tlauncher.updater.bootstrapper.PreparedEnvironmentComponentImpl$1.onComplete(PreparedEnvironmentComponentImpl.java:122)
at org.tlauncher.tlauncher.downloader.DownloadableContainer.onComplete(DownloadableContainer.java:151)
at org.tlauncher.tlauncher.downloader.Downloadable.onComplete(Downloadable.java:181)
at org.tlauncher.tlauncher.downloader.DownloaderThread.onComplete(DownloaderThread.java:252)
at org.tlauncher.tlauncher.downloader.DownloaderThread.downloadURL(DownloaderThread.java:239)
at org.tlauncher.tlauncher.downloader.DownloaderThread.download(DownloaderThread.java:150)
at org.tlauncher.tlauncher.downloader.DownloaderThread.run(DownloaderThread.java:92)
Caused by: java.io.IOException: Cannot createScrollWrapper file, or it was created during runtime: /Users/dmiifilin/Library/Application Support/tlauncher/jvms/jre1.8.0_321.jre_temp/bin/javaws
at org.tlauncher.util.FileUtil.createFile(FileUtil.java:329)
at org.tlauncher.util.FileUtil.unZipAndTarGz(FileUtil.java:375)
at org.tlauncher.util.FileUtil.unZip(FileUtil.java:362)
at org.tlauncher.tlauncher.updater.bootstrapper.PreparedEnvironmentComponentImpl.unpack(PreparedEnvironmentComponentImpl.java:164)
at org.tlauncher.tlauncher.updater.bootstrapper.PreparedEnvironmentComponentImpl.access$100(PreparedEnvironmentComponentImpl.java:36)
at org.tlauncher.tlauncher.updater.bootstrapper.PreparedEnvironmentComponentImpl$1.onComplete(PreparedEnvironmentComponentImpl.java:104)
at org.tlauncher.tlauncher.downloader.DownloadableContainer.onComplete(DownloadableContainer.java:151)
at org.tlauncher.tlauncher.downloader.Downloadable.onComplete(Downloadable.java:181)
at org.tlauncher.tlauncher.downloader.DownloaderThread.onComplete(DownloaderThread.java:252)
at org.tlauncher.tlauncher.downloader.DownloaderThread.downloadURL(DownloaderThread.java:239)
... and 2 more
Thread called by: org.tlauncher.util.async.ExtendedThread$ExtendedThreadCaller
at org.tlauncher.util.async.ExtendedThread.<init>(ExtendedThread.java:17)
at org.tlauncher.tlauncher.downloader.DownloaderThread.<init>(DownloaderThread.java:43)
at org.tlauncher.tlauncher.downloader.Downloader.sortOut(Downloader.java:304)
at org.tlauncher.tlauncher.downloader.Downloader.run(Downloader.java:255)

java.io.IOException: Cannot createScrollWrapper file, or it was created during runtime: /Users/dmiifilin/Library/Application Support/tlauncher/jvms/jre1.8.0_321.jre_temp/bin/javaws
at org.tlauncher.util.FileUtil.createFile(FileUtil.java:329)
at org.tlauncher.util.FileUtil.unZipAndTarGz(FileUtil.java:375)
at org.tlauncher.util.FileUtil.unZip(FileUtil.java:362)
at org.tlauncher.tlauncher.updater.bootstrapper.PreparedEnvironmentComponentImpl.unpack(PreparedEnvironmentComponentImpl.java:164)
at org.tlauncher.tlauncher.updater.bootstrapper.PreparedEnvironmentComponentImpl.access$100(PreparedEnvironmentComponentImpl.java:36)
at org.tlauncher.tlauncher.updater.bootstrapper.PreparedEnvironmentComponentImpl$1.onComplete(PreparedEnvironmentComponentImpl.java:104)
at org.tlauncher.tlauncher.downloader.DownloadableContainer.onComplete(DownloadableContainer.java:151)
at org.tlauncher.tlauncher.downloader.Downloadable.onComplete(Downloadable.java:181)
at org.tlauncher.tlauncher.downloader.DownloaderThread.onComplete(DownloaderThread.java:252)
at org.tlauncher.tlauncher.downloader.DownloaderThread.downloadURL(DownloaderThread.java:239)
... and 2 more
Thread called by: org.tlauncher.util.async.ExtendedThread$ExtendedThreadCaller
at org.tlauncher.util.async.ExtendedThread.<init>(ExtendedThread.java:17)
at org.tlauncher.tlauncher.downloader.DownloaderThread.<init>(DownloaderThread.java:43)
at org.tlauncher.tlauncher.downloader.Downloader.sortOut(Downloader.java:304)
at org.tlauncher.tlauncher.downloader.Downloader.run(Downloader.java:255)

[D#1] >  Failed to download from:  http://res.tlauncher.org/unb/client/jre/mac/jre1.8.0_321.jre.zip
org.tlauncher.tlauncher.downloader.RetryDownloadException: cannot unpack archive
at org.tlauncher.tlauncher.updater.bootstrapper.PreparedEnvironmentComponentImpl$1.onComplete(PreparedEnvironmentComponentImpl.java:122)
at org.tlauncher.tlauncher.downloader.DownloadableContainer.onComplete(DownloadableContainer.java:151)
at org.tlauncher.tlauncher.downloader.Downloadable.onComplete(Downloadable.java:181)
at org.tlauncher.tlauncher.downloader.DownloaderThread.onComplete(DownloaderThread.java:252)
at org.tlauncher.tlauncher.downloader.DownloaderThread.downloadURL(DownloaderThread.java:239)
at org.tlauncher.tlauncher.downloader.DownloaderThread.download(DownloaderThread.java:150)
at org.tlauncher.tlauncher.downloader.DownloaderThread.run(DownloaderThread.java:92)
Caused by: java.io.IOException: Cannot createScrollWrapper file, or it was created during runtime: /Users/dmiifilin/Library/Application Support/tlauncher/jvms/jre1.8.0_321.jre_temp/bin/javaws
at org.tlauncher.util.FileUtil.createFile(FileUtil.java:329)
at org.tlauncher.util.FileUtil.unZipAndTarGz(FileUtil.java:375)
at org.tlauncher.util.FileUtil.unZip(FileUtil.java:362)
at org.tlauncher.tlauncher.updater.bootstrapper.PreparedEnvironmentComponentImpl.unpack(PreparedEnvironmentComponentImpl.java:164)
at org.tlauncher.tlauncher.updater.bootstrapper.PreparedEnvironmentComponentImpl.access$100(PreparedEnvironmentComponentImpl.java:36)
at org.tlauncher.tlauncher.updater.bootstrapper.PreparedEnvironmentComponentImpl$1.onComplete(PreparedEnvironmentComponentImpl.java:104)
at org.tlauncher.tlauncher.downloader.DownloadableContainer.onComplete(DownloadableContainer.java:151)
at org.tlauncher.tlauncher.downloader.Downloadable.onComplete(Downloadable.java:181)
at org.tlauncher.tlauncher.downloader.DownloaderThread.onComplete(DownloaderThread.java:252)
at org.tlauncher.tlauncher.downloader.DownloaderThread.downloadURL(DownloaderThread.java:239)
... and 2 more
Thread called by: org.tlauncher.util.async.ExtendedThread$ExtendedThreadCaller
at org.tlauncher.util.async.ExtendedThread.<init>(ExtendedThread.java:17)
at org.tlauncher.tlauncher.downloader.DownloaderThread.<init>(DownloaderThread.java:43)
at org.tlauncher.tlauncher.downloader.Downloader.sortOut(Downloader.java:304)
at org.tlauncher.tlauncher.downloader.Downloader.run(Downloader.java:255)

java.io.IOException: Cannot createScrollWrapper file, or it was created during runtime: /Users/dmiifilin/Library/Application Support/tlauncher/jvms/jre1.8.0_321.jre_temp/bin/javaws
at org.tlauncher.util.FileUtil.createFile(FileUtil.java:329)
at org.tlauncher.util.FileUtil.unZipAndTarGz(FileUtil.java:375)
at org.tlauncher.util.FileUtil.unZip(FileUtil.java:362)
at org.tlauncher.tlauncher.updater.bootstrapper.PreparedEnvironmentComponentImpl.unpack(PreparedEnvironmentComponentImpl.java:164)
at org.tlauncher.tlauncher.updater.bootstrapper.PreparedEnvironmentComponentImpl.access$100(PreparedEnvironmentComponentImpl.java:36)
at org.tlauncher.tlauncher.updater.bootstrapper.PreparedEnvironmentComponentImpl$1.onComplete(PreparedEnvironmentComponentImpl.java:104)
at org.tlauncher.tlauncher.downloader.DownloadableContainer.onComplete(DownloadableContainer.java:151)
at org.tlauncher.tlauncher.downloader.Downloadable.onComplete(Downloadable.java:181)
at org.tlauncher.tlauncher.downloader.DownloaderThread.onComplete(DownloaderThread.java:252)
at org.tlauncher.tlauncher.downloader.DownloaderThread.downloadURL(DownloaderThread.java:239)
... and 2 more
Thread called by: org.tlauncher.util.async.ExtendedThread$ExtendedThreadCaller
at org.tlauncher.util.async.ExtendedThread.<init>(ExtendedThread.java:17)
at org.tlauncher.tlauncher.downloader.DownloaderThread.<init>(DownloaderThread.java:43)
at org.tlauncher.tlauncher.downloader.Downloader.sortOut(Downloader.java:304)
at org.tlauncher.tlauncher.downloader.Downloader.run(Downloader.java:255)

[D#1] >  Failed to download from:  https://securerepository.net/update/downloads/jre/mac/jre1.8.0_321.jre.zip
org.tlauncher.tlauncher.downloader.RetryDownloadException: cannot unpack archive
at org.tlauncher.tlauncher.updater.bootstrapper.PreparedEnvironmentComponentImpl$1.onComplete(PreparedEnvironmentComponentImpl.java:122)
at org.tlauncher.tlauncher.downloader.DownloadableContainer.onComplete(DownloadableContainer.java:151)
at org.tlauncher.tlauncher.downloader.Downloadable.onComplete(Downloadable.java:181)
at org.tlauncher.tlauncher.downloader.DownloaderThread.onComplete(DownloaderThread.java:252)
at org.tlauncher.tlauncher.downloader.DownloaderThread.downloadURL(DownloaderThread.java:239)
at org.tlauncher.tlauncher.downloader.DownloaderThread.download(DownloaderThread.java:150)
at org.tlauncher.tlauncher.downloader.DownloaderThread.run(DownloaderThread.java:92)
Caused by: java.io.IOException: Cannot createScrollWrapper file, or it was created during runtime: /Users/dmiifilin/Library/Application Support/tlauncher/jvms/jre1.8.0_321.jre_temp/bin/javaws
at org.tlauncher.util.FileUtil.createFile(FileUtil.java:329)
at org.tlauncher.util.FileUtil.unZipAndTarGz(FileUtil.java:375)
at org.tlauncher.util.FileUtil.unZip(FileUtil.java:362)
at org.tlauncher.tlauncher.updater.bootstrapper.PreparedEnvironmentComponentImpl.unpack(PreparedEnvironmentComponentImpl.java:164)
at org.tlauncher.tlauncher.updater.bootstrapper.PreparedEnvironmentComponentImpl.access$100(PreparedEnvironmentComponentImpl.java:36)
at org.tlauncher.tlauncher.updater.bootstrapper.PreparedEnvironmentComponentImpl$1.onComplete(PreparedEnvironmentComponentImpl.java:104)
at org.tlauncher.tlauncher.downloader.DownloadableContainer.onComplete(DownloadableContainer.java:151)
at org.tlauncher.tlauncher.downloader.Downloadable.onComplete(Downloadable.java:181)
at org.tlauncher.tlauncher.downloader.DownloaderThread.onComplete(DownloaderThread.java:252)
at org.tlauncher.tlauncher.downloader.DownloaderThread.downloadURL(DownloaderThread.java:239)
... and 2 more
Thread called by: org.tlauncher.util.async.ExtendedThread$ExtendedThreadCaller
at org.tlauncher.util.async.ExtendedThread.<init>(ExtendedThread.java:17)
at org.tlauncher.tlauncher.downloader.DownloaderThread.<init>(DownloaderThread.java:43)
at org.tlauncher.tlauncher.downloader.Downloader.sortOut(Downloader.java:304)
at org.tlauncher.tlauncher.downloader.Downloader.run(Downloader.java:255)

[D#1] >  File is not reachable at all. 
java.io.IOException: Cannot createScrollWrapper file, or it was created during runtime: /Users/dmiifilin/Library/Application Support/tlauncher/jvms/jre1.8.0_321.jre_temp/bin/javaws
at org.tlauncher.util.FileUtil.createFile(FileUtil.java:329)
at org.tlauncher.util.FileUtil.unZipAndTarGz(FileUtil.java:375)
at org.tlauncher.util.FileUtil.unZip(FileUtil.java:362)
at org.tlauncher.tlauncher.updater.bootstrapper.PreparedEnvironmentComponentImpl.unpack(PreparedEnvironmentComponentImpl.java:164)
at org.tlauncher.tlauncher.updater.bootstrapper.PreparedEnvironmentComponentImpl.access$100(PreparedEnvironmentComponentImpl.java:36)
at org.tlauncher.tlauncher.updater.bootstrapper.PreparedEnvironmentComponentImpl$1.onComplete(PreparedEnvironmentComponentImpl.java:104)
at org.tlauncher.tlauncher.downloader.DownloadableContainer.onComplete(DownloadableContainer.java:151)
at org.tlauncher.tlauncher.downloader.Downloadable.onComplete(Downloadable.java:181)
at org.tlauncher.tlauncher.downloader.DownloaderThread.onComplete(DownloaderThread.java:252)
at org.tlauncher.tlauncher.downloader.DownloaderThread.downloadURL(DownloaderThread.java:239)
... and 2 more
Thread called by: org.tlauncher.util.async.ExtendedThread$ExtendedThreadCaller
at org.tlauncher.util.async.ExtendedThread.<init>(ExtendedThread.java:17)
at org.tlauncher.tlauncher.downloader.DownloaderThread.<init>(DownloaderThread.java:43)
at org.tlauncher.tlauncher.downloader.Downloader.sortOut(Downloader.java:304)
at org.tlauncher.tlauncher.downloader.Downloader.run(Downloader.java:255)

[D#1] >  Failed to download from:  http://res.tlauncher.org/b/client/jre/mac/jre1.8.0_321.jre.zip
org.tlauncher.tlauncher.downloader.RetryDownloadException: cannot unpack archive
at org.tlauncher.tlauncher.updater.bootstrapper.PreparedEnvironmentComponentImpl$1.onComplete(PreparedEnvironmentComponentImpl.java:122)
at org.tlauncher.tlauncher.downloader.DownloadableContainer.onComplete(DownloadableContainer.java:151)
at org.tlauncher.tlauncher.downloader.Downloadable.onComplete(Downloadable.java:181)
at org.tlauncher.tlauncher.downloader.DownloaderThread.onComplete(DownloaderThread.java:252)
at org.tlauncher.tlauncher.downloader.DownloaderThread.downloadURL(DownloaderThread.java:239)
at org.tlauncher.tlauncher.downloader.DownloaderThread.download(DownloaderThread.java:150)
at org.tlauncher.tlauncher.downloader.DownloaderThread.run(DownloaderThread.java:92)
Caused by: java.io.IOException: Cannot createScrollWrapper file, or it was created during runtime: /Users/dmiifilin/Library/Application Support/tlauncher/jvms/jre1.8.0_321.jre_temp/bin/javaws
at org.tlauncher.util.FileUtil.createFile(FileUtil.java:329)
at org.tlauncher.util.FileUtil.unZipAndTarGz(FileUtil.java:375)
at org.tlauncher.util.FileUtil.unZip(FileUtil.java:362)
at org.tlauncher.tlauncher.updater.bootstrapper.PreparedEnvironmentComponentImpl.unpack(PreparedEnvironmentComponentImpl.java:164)
at org.tlauncher.tlauncher.updater.bootstrapper.PreparedEnvironmentComponentImpl.access$100(PreparedEnvironmentComponentImpl.java:36)
at org.tlauncher.tlauncher.updater.bootstrapper.PreparedEnvironmentComponentImpl$1.onComplete(PreparedEnvironmentComponentImpl.java:104)
at org.tlauncher.tlauncher.downloader.DownloadableContainer.onComplete(DownloadableContainer.java:151)
at org.tlauncher.tlauncher.downloader.Downloadable.onComplete(Downloadable.java:181)
at org.tlauncher.tlauncher.downloader.DownloaderThread.onComplete(DownloaderThread.java:252)
at org.tlauncher.tlauncher.downloader.DownloaderThread.downloadURL(DownloaderThread.java:239)
... and 2 more
Thread called by: org.tlauncher.util.async.ExtendedThread$ExtendedThreadCaller
at org.tlauncher.util.async.ExtendedThread.<init>(ExtendedThread.java:17)
at org.tlauncher.tlauncher.downloader.DownloaderThread.<init>(DownloaderThread.java:43)
at org.tlauncher.tlauncher.downloader.Downloader.sortOut(Downloader.java:304)
at org.tlauncher.tlauncher.downloader.Downloader.run(Downloader.java:255)

java.io.IOException: Cannot createScrollWrapper file, or it was created during runtime: /Users/dmiifilin/Library/Application Support/tlauncher/jvms/jre1.8.0_321.jre_temp/bin/javaws
at org.tlauncher.util.FileUtil.createFile(FileUtil.java:329)
at org.tlauncher.util.FileUtil.unZipAndTarGz(FileUtil.java:375)
at org.tlauncher.util.FileUtil.unZip(FileUtil.java:362)
at org.tlauncher.tlauncher.updater.bootstrapper.PreparedEnvironmentComponentImpl.unpack(PreparedEnvironmentComponentImpl.java:164)
at org.tlauncher.tlauncher.updater.bootstrapper.PreparedEnvironmentComponentImpl.access$100(PreparedEnvironmentComponentImpl.java:36)
at org.tlauncher.tlauncher.updater.bootstrapper.PreparedEnvironmentComponentImpl$1.onComplete(PreparedEnvironmentComponentImpl.java:104)
at org.tlauncher.tlauncher.downloader.DownloadableContainer.onComplete(DownloadableContainer.java:151)
at org.tlauncher.tlauncher.downloader.Downloadable.onComplete(Downloadable.java:181)
at org.tlauncher.tlauncher.downloader.DownloaderThread.onComplete(DownloaderThread.java:252)
at org.tlauncher.tlauncher.downloader.DownloaderThread.downloadURL(DownloaderThread.java:239)
... and 2 more
Thread called by: org.tlauncher.util.async.ExtendedThread$ExtendedThreadCaller
at org.tlauncher.util.async.ExtendedThread.<init>(ExtendedThread.java:17)
at org.tlauncher.tlauncher.downloader.DownloaderThread.<init>(DownloaderThread.java:43)
at org.tlauncher.tlauncher.downloader.Downloader.sortOut(Downloader.java:304)
at org.tlauncher.tlauncher.downloader.Downloader.run(Downloader.java:255)

[D#1] >  Failed to download from:  http://res.tlauncher.org/unb/client/jre/mac/jre1.8.0_321.jre.zip
org.tlauncher.tlauncher.downloader.RetryDownloadException: cannot unpack archive
at org.tlauncher.tlauncher.updater.bootstrapper.PreparedEnvironmentComponentImpl$1.onComplete(PreparedEnvironmentComponentImpl.java:122)
at org.tlauncher.tlauncher.downloader.DownloadableContainer.onComplete(DownloadableContainer.java:151)
at org.tlauncher.tlauncher.downloader.Downloadable.onComplete(Downloadable.java:181)
at org.tlauncher.tlauncher.downloader.DownloaderThread.onComplete(DownloaderThread.java:252)
at org.tlauncher.tlauncher.downloader.DownloaderThread.downloadURL(DownloaderThread.java:239)
at org.tlauncher.tlauncher.downloader.DownloaderThread.download(DownloaderThread.java:150)
at org.tlauncher.tlauncher.downloader.DownloaderThread.run(DownloaderThread.java:92)
Caused by: java.io.IOException: Cannot createScrollWrapper file, or it was created during runtime: /Users/dmiifilin/Library/Application Support/tlauncher/jvms/jre1.8.0_321.jre_temp/bin/javaws
at org.tlauncher.util.FileUtil.createFile(FileUtil.java:329)
at org.tlauncher.util.FileUtil.unZipAndTarGz(FileUtil.java:375)
at org.tlauncher.util.FileUtil.unZip(FileUtil.java:362)
at org.tlauncher.tlauncher.updater.bootstrapper.PreparedEnvironmentComponentImpl.unpack(PreparedEnvironmentComponentImpl.java:164)
at org.tlauncher.tlauncher.updater.bootstrapper.PreparedEnvironmentComponentImpl.access$100(PreparedEnvironmentComponentImpl.java:36)
at org.tlauncher.tlauncher.updater.bootstrapper.PreparedEnvironmentComponentImpl$1.onComplete(PreparedEnvironmentComponentImpl.java:104)
at org.tlauncher.tlauncher.downloader.DownloadableContainer.onComplete(DownloadableContainer.java:151)
at org.tlauncher.tlauncher.downloader.Downloadable.onComplete(Downloadable.java:181)
at org.tlauncher.tlauncher.downloader.DownloaderThread.onComplete(DownloaderThread.java:252)
at org.tlauncher.tlauncher.downloader.DownloaderThread.downloadURL(DownloaderThread.java:239)
... and 2 more
Thread called by: org.tlauncher.util.async.ExtendedThread$ExtendedThreadCaller
at org.tlauncher.util.async.ExtendedThread.<init>(ExtendedThread.java:17)
at org.tlauncher.tlauncher.downloader.DownloaderThread.<init>(DownloaderThread.java:43)
at org.tlauncher.tlauncher.downloader.Downloader.sortOut(Downloader.java:304)
at org.tlauncher.tlauncher.downloader.Downloader.run(Downloader.java:255)

java.io.IOException: Cannot createScrollWrapper file, or it was created during runtime: /Users/dmiifilin/Library/Application Support/tlauncher/jvms/jre1.8.0_321.jre_temp/bin/javaws
at org.tlauncher.util.FileUtil.createFile(FileUtil.java:329)
at org.tlauncher.util.FileUtil.unZipAndTarGz(FileUtil.java:375)
at org.tlauncher.util.FileUtil.unZip(FileUtil.java:362)
at org.tlauncher.tlauncher.updater.bootstrapper.PreparedEnvironmentComponentImpl.unpack(PreparedEnvironmentComponentImpl.java:164)
at org.tlauncher.tlauncher.updater.bootstrapper.PreparedEnvironmentComponentImpl.access$100(PreparedEnvironmentComponentImpl.java:36)
at org.tlauncher.tlauncher.updater.bootstrapper.PreparedEnvironmentComponentImpl$1.onComplete(PreparedEnvironmentComponentImpl.java:104)
at org.tlauncher.tlauncher.downloader.DownloadableContainer.onComplete(DownloadableContainer.java:151)
at org.tlauncher.tlauncher.downloader.Downloadable.onComplete(Downloadable.java:181)
at org.tlauncher.tlauncher.downloader.DownloaderThread.onComplete(DownloaderThread.java:252)
at org.tlauncher.tlauncher.downloader.DownloaderThread.downloadURL(DownloaderThread.java:239)
... and 2 more
Thread called by: org.tlauncher.util.async.ExtendedThread$ExtendedThreadCaller
at org.tlauncher.util.async.ExtendedThread.<init>(ExtendedThread.java:17)
at org.tlauncher.tlauncher.downloader.DownloaderThread.<init>(DownloaderThread.java:43)
at org.tlauncher.tlauncher.downloader.Downloader.sortOut(Downloader.java:304)
at org.tlauncher.tlauncher.downloader.Downloader.run(Downloader.java:255)

[D#1] >  Failed to download from:  https://securerepository.net/update/downloads/jre/mac/jre1.8.0_321.jre.zip
org.tlauncher.tlauncher.downloader.RetryDownloadException: cannot unpack archive
at org.tlauncher.tlauncher.updater.bootstrapper.PreparedEnvironmentComponentImpl$1.onComplete(PreparedEnvironmentComponentImpl.java:122)
at org.tlauncher.tlauncher.downloader.DownloadableContainer.onComplete(DownloadableContainer.java:151)
at org.tlauncher.tlauncher.downloader.Downloadable.onComplete(Downloadable.java:181)
at org.tlauncher.tlauncher.downloader.DownloaderThread.onComplete(DownloaderThread.java:252)
at org.tlauncher.tlauncher.downlo